
【日志创建时间***********】【日志内容*****************************************************】

【  2019-09-12 10:52:08  】【  Connection Thread ID 9 Count : 1  】
【  2019-09-12 10:52:32  】【  端口“COM5”不存在。SerialPort.Open Error  】
【  2019-09-12 11:13:54  】【  Connection Thread ID 10 Count : 1  】
【  2019-09-12 11:14:01  】【  端口“COM5”不存在。SerialPort.Open Error  】
【  2019-09-12 11:15:20  】【  Connection Thread ID 8 Count : 1  】
【  2019-09-12 11:15:26  】【  端口“COM5”不存在。SerialPort.Open Error  】
【  2019/9/12 11:15:55  】【  该类型的 CollectionView 不支持从调度程序线程以外的线程对其 SourceCollection 进行的更改。 SampleInfoModel.Query Error SELECT * FROM Tab_SampleInfo Where (RegistDate >= #2019-09-12 00:00:00# and RegistDate <= #2019-09-12 23:59:59#) and () Order by SampleID  】
【  2019/9/12 11:15:55  】【  该类型的 CollectionView 不支持从调度程序线程以外的线程对其 SourceCollection 进行的更改。 SampleInfoModel.Query Error SELECT * FROM Tab_SampleInfo Where (RegistDate >= #2019-09-12 00:00:00# and RegistDate <= #2019-09-12 23:59:59#) and () Order by SampleID  】
【  2019-09-12 11:16:22  】【  Connection Thread ID 10 Count : 1  】
【  2019-09-12 11:16:29  】【  端口“COM5”不存在。SerialPort.Open Error  】
【  2019/9/12 11:17:14  】【  该类型的 CollectionView 不支持从调度程序线程以外的线程对其 SourceCollection 进行的更改。 SampleInfoModel.Query Error SELECT * FROM Tab_SampleInfo Where (RegistDate >= #2019-09-12 00:00:00# and RegistDate <= #2019-09-12 23:59:59#) and () Order by SampleID  】
【  2019-09-12 13:07:34  】【  Connection Thread ID 9 Count : 1  】
【  2019-09-12 13:08:00  】【  端口“COM5”不存在。SerialPort.Open Error  】
【  2019/9/12 13:08:11  】【  该类型的 CollectionView 不支持从调度程序线程以外的线程对其 SourceCollection 进行的更改。 SampleInfoModel.Query Error SELECT * FROM Tab_SampleInfo Where (RegistDate >= #2019-09-12 00:00:00# and RegistDate <= #2019-09-12 23:59:59#) Order by SampleID  】
【  2019/9/12 13:08:17  】【  该类型的 CollectionView 不支持从调度程序线程以外的线程对其 SourceCollection 进行的更改。 SampleInfoModel.Query Error SELECT * FROM Tab_SampleInfo Where (RegistDate >= #2019-09-12 00:00:00# and RegistDate <= #2019-09-12 23:59:59#) Order by SampleID  】
【  2019/9/12 13:08:20  】【  该类型的 CollectionView 不支持从调度程序线程以外的线程对其 SourceCollection 进行的更改。 SampleInfoModel.Query Error SELECT * FROM Tab_SampleInfo Where (RegistDate >= #2019-09-12 00:00:00# and RegistDate <= #2019-09-12 23:59:59#) Order by SampleID  】
【  2019/9/12 13:08:24  】【  该类型的 CollectionView 不支持从调度程序线程以外的线程对其 SourceCollection 进行的更改。 SampleInfoModel.Query Error SELECT * FROM Tab_SampleInfo Where (RegistDate >= #2019-09-12 00:00:00# and RegistDate <= #2019-09-12 23:59:59#) Order by SampleID  】
【  2019/9/12 13:08:27  】【  该类型的 CollectionView 不支持从调度程序线程以外的线程对其 SourceCollection 进行的更改。 SampleInfoModel.Query Error SELECT * FROM Tab_SampleInfo Where (RegistDate >= #2019-09-12 00:00:00# and RegistDate <= #2019-09-12 23:59:59#) Order by SampleID  】
【  2019/9/12 13:08:34  】【  该类型的 CollectionView 不支持从调度程序线程以外的线程对其 SourceCollection 进行的更改。 SampleInfoModel.Query Error SELECT * FROM Tab_SampleInfo Where (RegistDate >= #2019-09-12 00:00:00# and RegistDate <= #2019-09-12 23:59:59#) Order by SampleID  】
【  2019/9/12 13:08:44  】【  该类型的 CollectionView 不支持从调度程序线程以外的线程对其 SourceCollection 进行的更改。 SampleInfoModel.Query Error SELECT * FROM Tab_SampleInfo Where (RegistDate >= #2019-09-12 00:00:00# and RegistDate <= #2019-09-12 23:59:59#) Order by SampleID  】
【  2019/9/12 13:08:54  】【  该类型的 CollectionView 不支持从调度程序线程以外的线程对其 SourceCollection 进行的更改。 SampleInfoModel.Query Error SELECT * FROM Tab_SampleInfo Where (RegistDate >= #2019-09-12 00:00:00# and RegistDate <= #2019-09-12 23:59:59#) Order by SampleID  】
【  2019/9/12 13:09:04  】【  该类型的 CollectionView 不支持从调度程序线程以外的线程对其 SourceCollection 进行的更改。 SampleInfoModel.Query Error SELECT * FROM Tab_SampleInfo Where (RegistDate >= #2019-09-12 00:00:00# and RegistDate <= #2019-09-12 23:59:59#) Order by SampleID  】
【  2019-09-12 13:10:10  】【  Connection Thread ID 8 Count : 1  】
【  2019-09-12 13:10:17  】【  端口“COM5”不存在。SerialPort.Open Error  】
【  2019/9/12 13:10:27  】【  该类型的 CollectionView 不支持从调度程序线程以外的线程对其 SourceCollection 进行的更改。 SampleInfoModel.Query Error SELECT * FROM Tab_SampleInfo Where (RegistDate >= #2019-09-12 00:00:00# and RegistDate <= #2019-09-12 23:59:59#) Order by SampleID  】
【  2019/9/12 13:10:37  】【  该类型的 CollectionView 不支持从调度程序线程以外的线程对其 SourceCollection 进行的更改。 SampleInfoModel.Query Error SELECT * FROM Tab_SampleInfo Where (RegistDate >= #2019-09-12 00:00:00# and RegistDate <= #2019-09-12 23:59:59#) Order by SampleID  】
【  2019/9/12 13:10:47  】【  该类型的 CollectionView 不支持从调度程序线程以外的线程对其 SourceCollection 进行的更改。 SampleInfoModel.Query Error SELECT * FROM Tab_SampleInfo Where (RegistDate >= #2019-09-12 00:00:00# and RegistDate <= #2019-09-12 23:59:59#) Order by SampleID  】
【  2019/9/12 13:10:57  】【  该类型的 CollectionView 不支持从调度程序线程以外的线程对其 SourceCollection 进行的更改。 SampleInfoModel.Query Error SELECT * FROM Tab_SampleInfo Where (RegistDate >= #2019-09-12 00:00:00# and RegistDate <= #2019-09-12 23:59:59#) Order by SampleID  】
【  2019-09-12 13:43:19  】【  Connection Thread ID 9 Count : 1  】
【  2019-09-12 13:43:25  】【  端口“COM5”不存在。SerialPort.Open Error  】
【  2019/9/12 13:43:35  】【  该类型的 CollectionView 不支持从调度程序线程以外的线程对其 SourceCollection 进行的更改。 SampleInfoModel.Query Error SELECT * FROM Tab_SampleInfo Where (RegistDate >= #2019-09-12 00:00:00# and RegistDate <= #2019-09-12 23:59:59#) Order by SampleID  】
【  2019/9/12 13:43:45  】【  该类型的 CollectionView 不支持从调度程序线程以外的线程对其 SourceCollection 进行的更改。 SampleInfoModel.Query Error SELECT * FROM Tab_SampleInfo Where (RegistDate >= #2019-09-12 00:00:00# and RegistDate <= #2019-09-12 23:59:59#) Order by SampleID  】
【  2019/9/12 13:43:55  】【  该类型的 CollectionView 不支持从调度程序线程以外的线程对其 SourceCollection 进行的更改。 SampleInfoModel.Query Error SELECT * FROM Tab_SampleInfo Where (RegistDate >= #2019-09-12 00:00:00# and RegistDate <= #2019-09-12 23:59:59#) Order by SampleID  】
【  2019/9/12 13:44:05  】【  该类型的 CollectionView 不支持从调度程序线程以外的线程对其 SourceCollection 进行的更改。 SampleInfoModel.Query Error SELECT * FROM Tab_SampleInfo Where (RegistDate >= #2019-09-12 00:00:00# and RegistDate <= #2019-09-12 23:59:59#) Order by SampleID  】
【  2019/9/12 13:44:15  】【  该类型的 CollectionView 不支持从调度程序线程以外的线程对其 SourceCollection 进行的更改。 SampleInfoModel.Query Error SELECT * FROM Tab_SampleInfo Where (RegistDate >= #2019-09-12 00:00:00# and RegistDate <= #2019-09-12 23:59:59#) Order by SampleID  】
【  2019/9/12 13:44:25  】【  该类型的 CollectionView 不支持从调度程序线程以外的线程对其 SourceCollection 进行的更改。 SampleInfoModel.Query Error SELECT * FROM Tab_SampleInfo Where (RegistDate >= #2019-09-12 00:00:00# and RegistDate <= #2019-09-12 23:59:59#) Order by SampleID  】
【  2019/9/12 13:44:35  】【  该类型的 CollectionView 不支持从调度程序线程以外的线程对其 SourceCollection 进行的更改。 SampleInfoModel.Query Error SELECT * FROM Tab_SampleInfo Where (RegistDate >= #2019-09-12 00:00:00# and RegistDate <= #2019-09-12 23:59:59#) Order by SampleID  】
【  2019/9/12 13:44:45  】【  该类型的 CollectionView 不支持从调度程序线程以外的线程对其 SourceCollection 进行的更改。 SampleInfoModel.Query Error SELECT * FROM Tab_SampleInfo Where (RegistDate >= #2019-09-12 00:00:00# and RegistDate <= #2019-09-12 23:59:59#) Order by SampleID  】
【  2019/9/12 13:44:55  】【  该类型的 CollectionView 不支持从调度程序线程以外的线程对其 SourceCollection 进行的更改。 SampleInfoModel.Query Error SELECT * FROM Tab_SampleInfo Where (RegistDate >= #2019-09-12 00:00:00# and RegistDate <= #2019-09-12 23:59:59#) Order by SampleID  】
【  2019/9/12 13:45:05  】【  该类型的 CollectionView 不支持从调度程序线程以外的线程对其 SourceCollection 进行的更改。 SampleInfoModel.Query Error SELECT * FROM Tab_SampleInfo Where (RegistDate >= #2019-09-12 00:00:00# and RegistDate <= #2019-09-12 23:59:59#) Order by SampleID  】
【  2019/9/12 13:45:15  】【  该类型的 CollectionView 不支持从调度程序线程以外的线程对其 SourceCollection 进行的更改。 SampleInfoModel.Query Error SELECT * FROM Tab_SampleInfo Where (RegistDate >= #2019-09-12 00:00:00# and RegistDate <= #2019-09-12 23:59:59#) Order by SampleID  】
【  2019/9/12 13:45:25  】【  该类型的 CollectionView 不支持从调度程序线程以外的线程对其 SourceCollection 进行的更改。 SampleInfoModel.Query Error SELECT * FROM Tab_SampleInfo Where (RegistDate >= #2019-09-12 00:00:00# and RegistDate <= #2019-09-12 23:59:59#) Order by SampleID  】
【  2019/9/12 13:45:35  】【  该类型的 CollectionView 不支持从调度程序线程以外的线程对其 SourceCollection 进行的更改。 SampleInfoModel.Query Error SELECT * FROM Tab_SampleInfo Where (RegistDate >= #2019-09-12 00:00:00# and RegistDate <= #2019-09-12 23:59:59#) Order by SampleID  】
【  2019/9/12 13:45:45  】【  该类型的 CollectionView 不支持从调度程序线程以外的线程对其 SourceCollection 进行的更改。 SampleInfoModel.Query Error SELECT * FROM Tab_SampleInfo Where (RegistDate >= #2019-09-12 00:00:00# and RegistDate <= #2019-09-12 23:59:59#) Order by SampleID  】
【  2019/9/12 13:45:55  】【  该类型的 CollectionView 不支持从调度程序线程以外的线程对其 SourceCollection 进行的更改。 SampleInfoModel.Query Error SELECT * FROM Tab_SampleInfo Where (RegistDate >= #2019-09-12 00:00:00# and RegistDate <= #2019-09-12 23:59:59#) Order by SampleID  】
【  2019/9/12 13:46:05  】【  该类型的 CollectionView 不支持从调度程序线程以外的线程对其 SourceCollection 进行的更改。 SampleInfoModel.Query Error SELECT * FROM Tab_SampleInfo Where (RegistDate >= #2019-09-12 00:00:00# and RegistDate <= #2019-09-12 23:59:59#) Order by SampleID  】
【  2019/9/12 13:46:15  】【  该类型的 CollectionView 不支持从调度程序线程以外的线程对其 SourceCollection 进行的更改。 SampleInfoModel.Query Error SELECT * FROM Tab_SampleInfo Where (RegistDate >= #2019-09-12 00:00:00# and RegistDate <= #2019-09-12 23:59:59#) Order by SampleID  】
【  2019/9/12 13:46:25  】【  该类型的 CollectionView 不支持从调度程序线程以外的线程对其 SourceCollection 进行的更改。 SampleInfoModel.Query Error SELECT * FROM Tab_SampleInfo Where (RegistDate >= #2019-09-12 00:00:00# and RegistDate <= #2019-09-12 23:59:59#) Order by SampleID  】
【  2019/9/12 13:46:35  】【  该类型的 CollectionView 不支持从调度程序线程以外的线程对其 SourceCollection 进行的更改。 SampleInfoModel.Query Error SELECT * FROM Tab_SampleInfo Where (RegistDate >= #2019-09-12 00:00:00# and RegistDate <= #2019-09-12 23:59:59#) Order by SampleID  】
【  2019/9/12 13:46:46  】【  该类型的 CollectionView 不支持从调度程序线程以外的线程对其 SourceCollection 进行的更改。 SampleInfoModel.Query Error SELECT * FROM Tab_SampleInfo Where (RegistDate >= #2019-09-12 00:00:00# and RegistDate <= #2019-09-12 23:59:59#) Order by SampleID  】
【  2019/9/12 13:46:56  】【  该类型的 CollectionView 不支持从调度程序线程以外的线程对其 SourceCollection 进行的更改。 SampleInfoModel.Query Error SELECT * FROM Tab_SampleInfo Where (RegistDate >= #2019-09-12 00:00:00# and RegistDate <= #2019-09-12 23:59:59#) Order by SampleID  】
【  2019/9/12 13:47:06  】【  该类型的 CollectionView 不支持从调度程序线程以外的线程对其 SourceCollection 进行的更改。 SampleInfoModel.Query Error SELECT * FROM Tab_SampleInfo Where (RegistDate >= #2019-09-12 00:00:00# and RegistDate <= #2019-09-12 23:59:59#) Order by SampleID  】
【  2019/9/12 13:47:16  】【  该类型的 CollectionView 不支持从调度程序线程以外的线程对其 SourceCollection 进行的更改。 SampleInfoModel.Query Error SELECT * FROM Tab_SampleInfo Where (RegistDate >= #2019-09-12 00:00:00# and RegistDate <= #2019-09-12 23:59:59#) Order by SampleID  】
【  2019/9/12 13:47:26  】【  该类型的 CollectionView 不支持从调度程序线程以外的线程对其 SourceCollection 进行的更改。 SampleInfoModel.Query Error SELECT * FROM Tab_SampleInfo Where (RegistDate >= #2019-09-12 00:00:00# and RegistDate <= #2019-09-12 23:59:59#) Order by SampleID  】
【  2019/9/12 13:47:36  】【  该类型的 CollectionView 不支持从调度程序线程以外的线程对其 SourceCollection 进行的更改。 SampleInfoModel.Query Error SELECT * FROM Tab_SampleInfo Where (RegistDate >= #2019-09-12 00:00:00# and RegistDate <= #2019-09-12 23:59:59#) Order by SampleID  】
【  2019/9/12 13:47:46  】【  该类型的 CollectionView 不支持从调度程序线程以外的线程对其 SourceCollection 进行的更改。 SampleInfoModel.Query Error SELECT * FROM Tab_SampleInfo Where (RegistDate >= #2019-09-12 00:00:00# and RegistDate <= #2019-09-12 23:59:59#) Order by SampleID  】
【  2019/9/12 13:47:56  】【  该类型的 CollectionView 不支持从调度程序线程以外的线程对其 SourceCollection 进行的更改。 SampleInfoModel.Query Error SELECT * FROM Tab_SampleInfo Where (RegistDate >= #2019-09-12 00:00:00# and RegistDate <= #2019-09-12 23:59:59#) Order by SampleID  】
【  2019/9/12 13:48:06  】【  该类型的 CollectionView 不支持从调度程序线程以外的线程对其 SourceCollection 进行的更改。 SampleInfoModel.Query Error SELECT * FROM Tab_SampleInfo Where (RegistDate >= #2019-09-12 00:00:00# and RegistDate <= #2019-09-12 23:59:59#) Order by SampleID  】
【  2019/9/12 13:48:16  】【  该类型的 CollectionView 不支持从调度程序线程以外的线程对其 SourceCollection 进行的更改。 SampleInfoModel.Query Error SELECT * FROM Tab_SampleInfo Where (RegistDate >= #2019-09-12 00:00:00# and RegistDate <= #2019-09-12 23:59:59#) Order by SampleID  】
【  2019/9/12 13:48:26  】【  该类型的 CollectionView 不支持从调度程序线程以外的线程对其 SourceCollection 进行的更改。 SampleInfoModel.Query Error SELECT * FROM Tab_SampleInfo Where (RegistDate >= #2019-09-12 00:00:00# and RegistDate <= #2019-09-12 23:59:59#) Order by SampleID  】
【  2019/9/12 13:48:36  】【  该类型的 CollectionView 不支持从调度程序线程以外的线程对其 SourceCollection 进行的更改。 SampleInfoModel.Query Error SELECT * FROM Tab_SampleInfo Where (RegistDate >= #2019-09-12 00:00:00# and RegistDate <= #2019-09-12 23:59:59#) Order by SampleID  】
【  2019/9/12 13:48:46  】【  该类型的 CollectionView 不支持从调度程序线程以外的线程对其 SourceCollection 进行的更改。 SampleInfoModel.Query Error SELECT * FROM Tab_SampleInfo Where (RegistDate >= #2019-09-12 00:00:00# and RegistDate <= #2019-09-12 23:59:59#) Order by SampleID  】
【  2019/9/12 13:48:56  】【  该类型的 CollectionView 不支持从调度程序线程以外的线程对其 SourceCollection 进行的更改。 SampleInfoModel.Query Error SELECT * FROM Tab_SampleInfo Where (RegistDate >= #2019-09-12 00:00:00# and RegistDate <= #2019-09-12 23:59:59#) Order by SampleID  】
【  2019/9/12 13:49:06  】【  该类型的 CollectionView 不支持从调度程序线程以外的线程对其 SourceCollection 进行的更改。 SampleInfoModel.Query Error SELECT * FROM Tab_SampleInfo Where (RegistDate >= #2019-09-12 00:00:00# and RegistDate <= #2019-09-12 23:59:59#) Order by SampleID  】
【  2019/9/12 13:49:16  】【  该类型的 CollectionView 不支持从调度程序线程以外的线程对其 SourceCollection 进行的更改。 SampleInfoModel.Query Error SELECT * FROM Tab_SampleInfo Where (RegistDate >= #2019-09-12 00:00:00# and RegistDate <= #2019-09-12 23:59:59#) Order by SampleID  】
【  2019/9/12 13:49:26  】【  该类型的 CollectionView 不支持从调度程序线程以外的线程对其 SourceCollection 进行的更改。 SampleInfoModel.Query Error SELECT * FROM Tab_SampleInfo Where (RegistDate >= #2019-09-12 00:00:00# and RegistDate <= #2019-09-12 23:59:59#) Order by SampleID  】
【  2019/9/12 13:49:36  】【  该类型的 CollectionView 不支持从调度程序线程以外的线程对其 SourceCollection 进行的更改。 SampleInfoModel.Query Error SELECT * FROM Tab_SampleInfo Where (RegistDate >= #2019-09-12 00:00:00# and RegistDate <= #2019-09-12 23:59:59#) Order by SampleID  】
【  2019/9/12 13:49:46  】【  该类型的 CollectionView 不支持从调度程序线程以外的线程对其 SourceCollection 进行的更改。 SampleInfoModel.Query Error SELECT * FROM Tab_SampleInfo Where (RegistDate >= #2019-09-12 00:00:00# and RegistDate <= #2019-09-12 23:59:59#) Order by SampleID  】
【  2019/9/12 13:49:56  】【  该类型的 CollectionView 不支持从调度程序线程以外的线程对其 SourceCollection 进行的更改。 SampleInfoModel.Query Error SELECT * FROM Tab_SampleInfo Where (RegistDate >= #2019-09-12 00:00:00# and RegistDate <= #2019-09-12 23:59:59#) Order by SampleID  】
【  2019/9/12 13:50:06  】【  该类型的 CollectionView 不支持从调度程序线程以外的线程对其 SourceCollection 进行的更改。 SampleInfoModel.Query Error SELECT * FROM Tab_SampleInfo Where (RegistDate >= #2019-09-12 00:00:00# and RegistDate <= #2019-09-12 23:59:59#) Order by SampleID  】
【  2019/9/12 13:50:16  】【  该类型的 CollectionView 不支持从调度程序线程以外的线程对其 SourceCollection 进行的更改。 SampleInfoModel.Query Error SELECT * FROM Tab_SampleInfo Where (RegistDate >= #2019-09-12 00:00:00# and RegistDate <= #2019-09-12 23:59:59#) Order by SampleID  】
【  2019/9/12 13:50:26  】【  该类型的 CollectionView 不支持从调度程序线程以外的线程对其 SourceCollection 进行的更改。 SampleInfoModel.Query Error SELECT * FROM Tab_SampleInfo Where (RegistDate >= #2019-09-12 00:00:00# and RegistDate <= #2019-09-12 23:59:59#) Order by SampleID  】
【  2019/9/12 13:50:36  】【  该类型的 CollectionView 不支持从调度程序线程以外的线程对其 SourceCollection 进行的更改。 SampleInfoModel.Query Error SELECT * FROM Tab_SampleInfo Where (RegistDate >= #2019-09-12 00:00:00# and RegistDate <= #2019-09-12 23:59:59#) Order by SampleID  】
【  2019/9/12 13:50:46  】【  该类型的 CollectionView 不支持从调度程序线程以外的线程对其 SourceCollection 进行的更改。 SampleInfoModel.Query Error SELECT * FROM Tab_SampleInfo Where (RegistDate >= #2019-09-12 00:00:00# and RegistDate <= #2019-09-12 23:59:59#) Order by SampleID  】
【  2019/9/12 13:50:56  】【  该类型的 CollectionView 不支持从调度程序线程以外的线程对其 SourceCollection 进行的更改。 SampleInfoModel.Query Error SELECT * FROM Tab_SampleInfo Where (RegistDate >= #2019-09-12 00:00:00# and RegistDate <= #2019-09-12 23:59:59#) Order by SampleID  】
【  2019/9/12 13:51:06  】【  该类型的 CollectionView 不支持从调度程序线程以外的线程对其 SourceCollection 进行的更改。 SampleInfoModel.Query Error SELECT * FROM Tab_SampleInfo Where (RegistDate >= #2019-09-12 00:00:00# and RegistDate <= #2019-09-12 23:59:59#) Order by SampleID  】
【  2019/9/12 13:51:16  】【  该类型的 CollectionView 不支持从调度程序线程以外的线程对其 SourceCollection 进行的更改。 SampleInfoModel.Query Error SELECT * FROM Tab_SampleInfo Where (RegistDate >= #2019-09-12 00:00:00# and RegistDate <= #2019-09-12 23:59:59#) Order by SampleID  】
【  2019/9/12 13:51:26  】【  该类型的 CollectionView 不支持从调度程序线程以外的线程对其 SourceCollection 进行的更改。 SampleInfoModel.Query Error SELECT * FROM Tab_SampleInfo Where (RegistDate >= #2019-09-12 00:00:00# and RegistDate <= #2019-09-12 23:59:59#) Order by SampleID  】
【  2019/9/12 13:51:36  】【  该类型的 CollectionView 不支持从调度程序线程以外的线程对其 SourceCollection 进行的更改。 SampleInfoModel.Query Error SELECT * FROM Tab_SampleInfo Where (RegistDate >= #2019-09-12 00:00:00# and RegistDate <= #2019-09-12 23:59:59#) Order by SampleID  】
【  2019/9/12 13:51:46  】【  该类型的 CollectionView 不支持从调度程序线程以外的线程对其 SourceCollection 进行的更改。 SampleInfoModel.Query Error SELECT * FROM Tab_SampleInfo Where (RegistDate >= #2019-09-12 00:00:00# and RegistDate <= #2019-09-12 23:59:59#) Order by SampleID  】
【  2019/9/12 13:51:56  】【  该类型的 CollectionView 不支持从调度程序线程以外的线程对其 SourceCollection 进行的更改。 SampleInfoModel.Query Error SELECT * FROM Tab_SampleInfo Where (RegistDate >= #2019-09-12 00:00:00# and RegistDate <= #2019-09-12 23:59:59#) Order by SampleID  】
【  2019/9/12 13:52:06  】【  该类型的 CollectionView 不支持从调度程序线程以外的线程对其 SourceCollection 进行的更改。 SampleInfoModel.Query Error SELECT * FROM Tab_SampleInfo Where (RegistDate >= #2019-09-12 00:00:00# and RegistDate <= #2019-09-12 23:59:59#) Order by SampleID  】
【  2019-09-12 14:11:19  】【  Connection Thread ID 9 Count : 1  】
【  2019-09-12 14:11:26  】【  端口“COM5”不存在。SerialPort.Open Error  】
【  2019/9/12 14:11:36  】【  该类型的 CollectionView 不支持从调度程序线程以外的线程对其 SourceCollection 进行的更改。 SampleInfoModel.Query Error SELECT * FROM Tab_SampleInfo Where (RegistDate >= #2019-09-12 00:00:00# and RegistDate <= #2019-09-12 23:59:59#) Order by SampleID  】
【  2019/9/12 14:11:46  】【  该类型的 CollectionView 不支持从调度程序线程以外的线程对其 SourceCollection 进行的更改。 SampleInfoModel.Query Error SELECT * FROM Tab_SampleInfo Where (RegistDate >= #2019-09-12 00:00:00# and RegistDate <= #2019-09-12 23:59:59#) Order by SampleID  】
【  2019-09-12 16:03:07  】【  Connection Thread ID 9 Count : 1  】
【  2019-09-12 16:03:14  】【  端口“COM5”不存在。SerialPort.Open Error  】
【  2019/9/12 16:03:52  】【  该类型的 CollectionView 不支持从调度程序线程以外的线程对其 SourceCollection 进行的更改。 SampleInfoModel.Query Error SELECT * FROM Tab_SampleInfo Where (RegistDate >= #2019-09-12 00:00:00# and RegistDate <= #2019-09-12 23:59:59#) Order by SampleID  】
【  2019/9/12 16:03:58  】【  该类型的 CollectionView 不支持从调度程序线程以外的线程对其 SourceCollection 进行的更改。 SampleInfoModel.Query Error SELECT * FROM Tab_SampleInfo Where (RegistDate >= #2019-09-12 00:00:00# and RegistDate <= #2019-09-12 23:59:59#) Order by SampleID  】
【  2019/9/12 16:04:12  】【  该类型的 CollectionView 不支持从调度程序线程以外的线程对其 SourceCollection 进行的更改。 SampleInfoModel.Query Error SELECT * FROM Tab_SampleInfo Where (RegistDate >= #2019-09-12 00:00:00# and RegistDate <= #2019-09-12 23:59:59#) Order by SampleID  】
【  2019-09-12 17:03:35  】【  Connection Thread ID 9 Count : 1  】
【  2019-09-12 17:03:42  】【  端口“COM5”不存在。SerialPort.Open Error  】
【  2019/9/12 17:05:01  】【  该类型的 CollectionView 不支持从调度程序线程以外的线程对其 SourceCollection 进行的更改。 SampleInfoModel.Query Error SELECT * FROM Tab_SampleInfo Where (RegistDate >= #2019-09-12 00:00:00# and RegistDate <= #2019-09-12 23:59:59#) Order by SampleID  】
