
【日志创建时间***********】【日志内容*****************************************************】

【  2018-10-12 8:42:13  】【  Connection Thread ID 10 Count : 1  】
【  2018-10-12 8:42:35  】【  端口“COM6”不存在。SerialPort.Open Error  】
【  2018-10-12 8:44:27  】【  Connection Thread ID 10 Count : 1  】
【  2018-10-12 8:44:34  】【  端口“COM6”不存在。SerialPort.Open Error  】
【  2018-10-12 8:45:02  】【  Connection Thread ID 1 Count : 1  】
【  2018-10-12 8:45:08  】【  端口“COM6”不存在。SerialPort.Open Error  】
【  2018-10-12 8:47:43  】【  Connection Thread ID 1 Count : 1  】
【  2018-10-12 8:47:49  】【  端口“COM6”不存在。SerialPort.Open Error  】
【  2018-10-12 8:47:59  】【  Connection Thread ID 1 Count : 1  】
【  2018-10-12 8:48:07  】【  端口“COM6”不存在。SerialPort.Open Error  】
【  2018-10-12 8:48:55  】【  Connection Thread ID 1 Count : 1  】
【  2018-10-12 8:49:02  】【  端口“COM6”不存在。SerialPort.Open Error  】
【  2018-10-12 8:50:46  】【  Connection Thread ID 9 Count : 1  】
【  2018-10-12 8:50:55  】【  端口“COM6”不存在。SerialPort.Open Error  】
【  2018-10-12 8:51:20  】【  Connection Thread ID 10 Count : 1  】
【  2018-10-12 8:51:30  】【  端口“COM6”不存在。SerialPort.Open Error  】
【  2018-10-12 8:54:11  】【  Connection Thread ID 9 Count : 1  】
【  2018-10-12 8:54:17  】【  端口“COM6”不存在。SerialPort.Open Error  】
【  2018-10-12 8:54:34  】【  Connection Thread ID 1 Count : 1  】
【  2018-10-12 8:54:38  】【  端口“COM6”不存在。SerialPort.Open Error  】
【  2018-10-12 8:59:07  】【  Connection Thread ID 9 Count : 1  】
【  2018-10-12 8:59:18  】【  端口“COM6”不存在。SerialPort.Open Error  】
【  2018-10-12 9:11:26  】【  Connection Thread ID 1 Count : 1  】
【  2018-10-12 9:11:34  】【  端口“COM6”不存在。SerialPort.Open Error  】
【  2018-10-12 9:11:52  】【  Connection Thread ID 1 Count : 1  】
【  2018-10-12 9:11:56  】【  端口“COM6”不存在。SerialPort.Open Error  】
【  2018-10-12 9:12:30  】【  Connection Thread ID 1 Count : 1  】
【  2018-10-12 9:12:34  】【  端口“COM6”不存在。SerialPort.Open Error  】
【  2018-10-12 9:12:40  】【  Connection Thread ID 1 Count : 1  】
【  2018-10-12 9:12:45  】【  端口“COM6”不存在。SerialPort.Open Error  】
【  2018-10-12 9:13:04  】【  Connection Thread ID 1 Count : 1  】
【  2018-10-12 9:13:09  】【  端口“COM6”不存在。SerialPort.Open Error  】
【  2018-10-12 9:13:20  】【  Connection Thread ID 1 Count : 1  】
【  2018-10-12 9:13:25  】【  端口“COM6”不存在。SerialPort.Open Error  】
【  2018-10-12 9:13:51  】【  Connection Thread ID 1 Count : 1  】
【  2018-10-12 9:13:57  】【  端口“COM6”不存在。SerialPort.Open Error  】
【  2018-10-12 9:14:02  】【  Connection Thread ID 1 Count : 1  】
【  2018-10-12 9:14:08  】【  端口“COM6”不存在。SerialPort.Open Error  】
【  2018-10-12 9:14:14  】【  Connection Thread ID 1 Count : 1  】
【  2018-10-12 9:14:19  】【  端口“COM6”不存在。SerialPort.Open Error  】
【  2018-10-12 9:14:42  】【  Connection Thread ID 1 Count : 1  】
【  2018-10-12 9:14:46  】【  端口“COM6”不存在。SerialPort.Open Error  】
【  2018-10-12 9:14:52  】【  Connection Thread ID 1 Count : 1  】
【  2018-10-12 9:14:57  】【  端口“COM6”不存在。SerialPort.Open Error  】
【  2018-10-12 9:19:40  】【  Connection Thread ID 9 Count : 1  】
【  2018-10-12 9:19:46  】【  端口“COM6”不存在。SerialPort.Open Error  】
【  2018-10-12 9:20:54  】【  Connection Thread ID 8 Count : 1  】
【  2018-10-12 9:21:23  】【  Connection Thread ID 10 Count : 1  】
【  2018-10-12 9:21:27  】【  端口“COM6”不存在。SerialPort.Open Error  】
【  2018-10-12 9:23:39  】【  Connection Thread ID 9 Count : 1  】
【  2018-10-12 9:23:44  】【  端口“COM6”不存在。SerialPort.Open Error  】
【  2018-10-12 9:31:11  】【  Connection Thread ID 10 Count : 1  】
【  2018-10-12 9:31:21  】【  端口“COM6”不存在。SerialPort.Open Error  】
【  2018-10-12 9:31:31  】【  Connection Thread ID 1 Count : 1  】
【  2018-10-12 9:31:37  】【  端口“COM6”不存在。SerialPort.Open Error  】
【  2018-10-12 9:31:46  】【  Connection Thread ID 1 Count : 1  】
【  2018-10-12 9:31:58  】【  端口“COM6”不存在。SerialPort.Open Error  】
【  2018-10-12 9:32:36  】【  Connection Thread ID 1 Count : 1  】
【  2018-10-12 9:32:41  】【  端口“COM6”不存在。SerialPort.Open Error  】
【  2018-10-12 9:33:17  】【  Connection Thread ID 1 Count : 1  】
【  2018-10-12 9:33:21  】【  端口“COM6”不存在。SerialPort.Open Error  】
【  2018-10-12 9:34:10  】【  Connection Thread ID 9 Count : 1  】
【  2018-10-12 9:34:15  】【  端口“COM6”不存在。SerialPort.Open Error  】
【  2018-10-12 9:34:33  】【  Connection Thread ID 1 Count : 1  】
【  2018-10-12 9:34:37  】【  端口“COM6”不存在。SerialPort.Open Error  】
【  2018-10-12 9:35:45  】【  找不到文件 'E:\生化上位机软件\尿仪\UrineAnalyzer\UrineAnalyzer\bin\Release\Database.mdb'。  】
【  2018-10-12 9:35:45  】【  Connection Thread ID 1 Count : 1  】
【  2018-10-12 9:35:45  】【  找不到文件 'E:\生化上位机软件\尿仪\UrineAnalyzer\UrineAnalyzer\bin\Release\Database.mdb'。 : DB.Query执行错误 : select * from Tab_Authority  】
【  2018-10-12 9:35:45  】【  找不到文件 'E:\生化上位机软件\尿仪\UrineAnalyzer\UrineAnalyzer\bin\Release\Database.mdb'。 : DB.Query执行错误 : select Tab_User.*,Tab_Authority.AuthorityName from Tab_User left join Tab_Authority on Tab_User.AuthorityID = Tab_Authority.ID where UserName <> 'admin'  】
【  2018-10-12 9:35:50  】【  找不到文件 'E:\生化上位机软件\尿仪\UrineAnalyzer\UrineAnalyzer\bin\Release\Database.mdb'。 : DB.Query执行错误 : Select * From Tab_QCResult Where Year(QCDate) = 2018 and Month(QCDate) = 10 and IsNeg = true Order by QCDate  】
【  2018-10-12 9:35:50  】【  找不到文件 'E:\生化上位机软件\尿仪\UrineAnalyzer\UrineAnalyzer\bin\Release\Database.mdb'。 : DB.Query执行错误 : Select SendCheckOffice as ItemName,Count(SendCheckOffice) as Num  From Tab_SampleInfo  Where RegistDate >= #2018-10-12 00:00:00# and RegistDate <= #2018-10-12 23:59:59#  Group By SendCheckOffice  】
【  2018-10-12 9:35:50  】【  找不到文件 'E:\生化上位机软件\尿仪\UrineAnalyzer\UrineAnalyzer\bin\Release\Database.mdb'。 : DB.Query执行错误 : Select SendCheckDoctor as ItemName,Count(SendCheckDoctor) as Num  From Tab_SampleInfo  Where RegistDate >= #2018-10-12 00:00:00# and RegistDate <= #2018-10-12 23:59:59#  Group By SendCheckDoctor  】
【  2018-10-12 9:35:50  】【  找不到文件 'E:\生化上位机软件\尿仪\UrineAnalyzer\UrineAnalyzer\bin\Release\Database.mdb'。 : DB.Query执行错误 : Select CheckDoctor as ItemName,Count(CheckDoctor) as Num  From Tab_SampleInfo  Where RegistDate >= #2018-10-12 00:00:00# and RegistDate <= #2018-10-12 23:59:59#  Group By CheckDoctor  】
【  2018-10-12 9:35:50  】【  找不到文件 'E:\生化上位机软件\尿仪\UrineAnalyzer\UrineAnalyzer\bin\Release\Database.mdb'。 : DB.Query执行错误 : Select SendCheckOffice as ItemName,Count(SendCheckOffice) as Num  From Tab_SampleInfo  Where RegistDate >= #2018-10-12 00:00:00# and RegistDate <= #2018-10-12 23:59:59#  Group By SendCheckOffice  】
【  2018-10-12 9:35:50  】【  找不到文件 'E:\生化上位机软件\尿仪\UrineAnalyzer\UrineAnalyzer\bin\Release\Database.mdb'。 : DB.Query执行错误 : Select SendCheckDoctor as ItemName,Count(SendCheckDoctor) as Num  From Tab_SampleInfo  Where RegistDate >= #2018-10-12 00:00:00# and RegistDate <= #2018-10-12 23:59:59#  Group By SendCheckDoctor  】
【  2018-10-12 9:35:50  】【  找不到文件 'E:\生化上位机软件\尿仪\UrineAnalyzer\UrineAnalyzer\bin\Release\Database.mdb'。 : DB.Query执行错误 : Select CheckDoctor as ItemName,Count(CheckDoctor) as Num  From Tab_SampleInfo  Where RegistDate >= #2018-10-12 00:00:00# and RegistDate <= #2018-10-12 23:59:59#  Group By CheckDoctor  】
【  2018-10-12 9:35:50  】【  找不到文件 'E:\生化上位机软件\尿仪\UrineAnalyzer\UrineAnalyzer\bin\Release\Database.mdb'。 : DB.Query执行错误 : Select SendCheckOffice as ItemName,Count(SendCheckOffice) as Num  From Tab_SampleInfo  Where RegistDate >= #2018-10-12 00:00:00# and RegistDate <= #2018-10-12 23:59:59#  Group By SendCheckOffice  】
【  2018-10-12 9:35:50  】【  找不到文件 'E:\生化上位机软件\尿仪\UrineAnalyzer\UrineAnalyzer\bin\Release\Database.mdb'。 : DB.Query执行错误 : Select SendCheckDoctor as ItemName,Count(SendCheckDoctor) as Num  From Tab_SampleInfo  Where RegistDate >= #2018-10-12 00:00:00# and RegistDate <= #2018-10-12 23:59:59#  Group By SendCheckDoctor  】
【  2018-10-12 9:35:50  】【  找不到文件 'E:\生化上位机软件\尿仪\UrineAnalyzer\UrineAnalyzer\bin\Release\Database.mdb'。 : DB.Query执行错误 : Select CheckDoctor as ItemName,Count(CheckDoctor) as Num  From Tab_SampleInfo  Where RegistDate >= #2018-10-12 00:00:00# and RegistDate <= #2018-10-12 23:59:59#  Group By CheckDoctor  】
【  2018-10-12 9:35:51  】【  找不到文件 'E:\生化上位机软件\尿仪\UrineAnalyzer\UrineAnalyzer\bin\Release\Database.mdb'。 : DB.Query执行错误 : Select SendCheckOffice as ItemName,Count(SendCheckOffice) as Num  From Tab_SampleInfo  Where RegistDate >= #2018-10-12 00:00:00# and RegistDate <= #2018-10-12 23:59:59#  Group By SendCheckOffice  】
【  2018-10-12 9:35:51  】【  找不到文件 'E:\生化上位机软件\尿仪\UrineAnalyzer\UrineAnalyzer\bin\Release\Database.mdb'。 : DB.Query执行错误 : Select SendCheckDoctor as ItemName,Count(SendCheckDoctor) as Num  From Tab_SampleInfo  Where RegistDate >= #2018-10-12 00:00:00# and RegistDate <= #2018-10-12 23:59:59#  Group By SendCheckDoctor  】
【  2018-10-12 9:35:51  】【  找不到文件 'E:\生化上位机软件\尿仪\UrineAnalyzer\UrineAnalyzer\bin\Release\Database.mdb'。 : DB.Query执行错误 : Select CheckDoctor as ItemName,Count(CheckDoctor) as Num  From Tab_SampleInfo  Where RegistDate >= #2018-10-12 00:00:00# and RegistDate <= #2018-10-12 23:59:59#  Group By CheckDoctor  】
【  2018-10-12 9:35:51  】【  找不到文件 'E:\生化上位机软件\尿仪\UrineAnalyzer\UrineAnalyzer\bin\Release\Database.mdb'。 : DB.Query执行错误 : Select * From Tab_OptionNames Where TypeID = 0  】
【  2018-10-12 9:35:51  】【  找不到文件 'E:\生化上位机软件\尿仪\UrineAnalyzer\UrineAnalyzer\bin\Release\Database.mdb'。 : DB.Query执行错误 : Select * From Tab_OptionNames Where TypeID = 1  】
【  2018-10-12 9:35:51  】【  找不到文件 'E:\生化上位机软件\尿仪\UrineAnalyzer\UrineAnalyzer\bin\Release\Database.mdb'。 : DB.Query执行错误 : Select * From Tab_OptionNames Where TypeID = 2  】
【  2018-10-12 9:35:51  】【  找不到文件 'E:\生化上位机软件\尿仪\UrineAnalyzer\UrineAnalyzer\bin\Release\Database.mdb'。 : DB.Query执行错误 : Select * From Tab_OptionNames Where TypeID = 3  】
【  2018-10-12 9:35:51  】【  找不到文件 'E:\生化上位机软件\尿仪\UrineAnalyzer\UrineAnalyzer\bin\Release\Database.mdb'。 : DB.Query执行错误 : Select * From Tab_OptionNames Where TypeID = 4  】
【  2018-10-12 9:35:51  】【  找不到文件 'E:\生化上位机软件\尿仪\UrineAnalyzer\UrineAnalyzer\bin\Release\Database.mdb'。 : DB.Query执行错误 : Select * From Tab_OptionNames Where TypeID = 5  】
【  2018-10-12 9:35:51  】【  找不到文件 'E:\生化上位机软件\尿仪\UrineAnalyzer\UrineAnalyzer\bin\Release\Database.mdb'。 : DB.Query执行错误 : Select * From Tab_OptionNames Where TypeID = 6  】
【  2018-10-12 9:35:51  】【  找不到文件 'E:\生化上位机软件\尿仪\UrineAnalyzer\UrineAnalyzer\bin\Release\Database.mdb'。 : DB.Query执行错误 : Select * From Tab_DefaultInput  】
【  2018-10-12 9:35:51  】【  找不到文件 'E:\生化上位机软件\尿仪\UrineAnalyzer\UrineAnalyzer\bin\Release\Database.mdb'。 : DB.Query执行错误 : Select * From Tab_DefaultInput Where TypeID = 0  】
【  2018-10-12 9:35:51  】【  找不到文件 'E:\生化上位机软件\尿仪\UrineAnalyzer\UrineAnalyzer\bin\Release\Database.mdb'。 : DB.Query执行错误 : Select * From Tab_DefaultInput Where TypeID = 1  】
【  2018-10-12 9:35:51  】【  找不到文件 'E:\生化上位机软件\尿仪\UrineAnalyzer\UrineAnalyzer\bin\Release\Database.mdb'。 : DB.Query执行错误 : Select * From Tab_DefaultInput Where TypeID = 2  】
【  2018-10-12 9:35:51  】【  找不到文件 'E:\生化上位机软件\尿仪\UrineAnalyzer\UrineAnalyzer\bin\Release\Database.mdb'。 : DB.Query执行错误 : Select * From Tab_DefaultInput Where TypeID = 3  】
【  2018-10-12 9:35:51  】【  找不到文件 'E:\生化上位机软件\尿仪\UrineAnalyzer\UrineAnalyzer\bin\Release\Database.mdb'。 : DB.Query执行错误 : Select * From Tab_DefaultInput Where TypeID = 4  】
【  2018-10-12 9:35:51  】【  找不到文件 'E:\生化上位机软件\尿仪\UrineAnalyzer\UrineAnalyzer\bin\Release\Database.mdb'。 : DB.Query执行错误 : Select * From Tab_DefaultInput Where TypeID = 5  】
【  2018-10-12 9:35:51  】【  找不到文件 'E:\生化上位机软件\尿仪\UrineAnalyzer\UrineAnalyzer\bin\Release\Database.mdb'。 : DB.Query执行错误 : Select * From Tab_DefaultInput Where TypeID = 6  】
【  2018-10-12 9:36:42  】【  Connection Thread ID 1 Count : 1  】
【  2018-10-12 9:36:48  】【  端口“COM6”不存在。SerialPort.Open Error  】
【  2018-10-12 9:36:57  】【  Connection Thread ID 1 Count : 1  】
【  2018-10-12 9:37:01  】【  端口“COM6”不存在。SerialPort.Open Error  】
【  2018-10-12 9:37:22  】【  Connection Thread ID 1 Count : 1  】
【  2018-10-12 9:37:50  】【  Connection Thread ID 1 Count : 1  】
【  2018-10-12 9:38:01  】【  端口“COM6”不存在。SerialPort.Open Error  】
