
【日志创建时间***********】【日志内容*****************************************************】

【  2017-10-09 10:29:23  】【  Could not find file 'E:\生化上位机软件\尿仪\UrineAnalyzer\UrineAnalyzer\bin\Debug\Database.mdb'.  】
【  2017-10-09 10:29:23  】【  Connection Thread ID 8 Count : 1  】
【  2017-10-09 10:29:24  】【  Could not find file 'E:\生化上位机软件\尿仪\UrineAnalyzer\UrineAnalyzer\bin\Debug\Database.mdb'. : DB.Query执行错误 : SELECT * FROM Tab_SampleInfo Where RegistDate >= #2017-10-09 00:00:00# and RegistDate <= #2017-10-09 23:59:59# Order by SampleID  】
【  2017-10-09 10:29:24  】【  Could not find file 'E:\生化上位机软件\尿仪\UrineAnalyzer\UrineAnalyzer\bin\Debug\Database.mdb'. : DB.Query执行错误 : SELECT * FROM Tab_SampleInfo Where RegistDate >= #2017-10-09 00:00:00# and RegistDate <= #2017-10-09 23:59:59# Order by SampleID  】
【  2017-10-09 10:29:33  】【  Could not find file 'E:\生化上位机软件\尿仪\UrineAnalyzer\UrineAnalyzer\bin\Debug\Database.mdb'. : DB.Query执行错误 : Select * From Tab_QCResult Where Year(QCDate) = 2017 and Month(QCDate) = 10 and IsNeg = true Order by QCDate  】
【  2017-10-09 10:29:33  】【  Could not find file 'E:\生化上位机软件\尿仪\UrineAnalyzer\UrineAnalyzer\bin\Debug\Database.mdb'. : DB.Query执行错误 : Select SendCheckOffice as ItemName,Count(SendCheckOffice) as Num  From Tab_SampleInfo  Where RegistDate >= #2017-10-09 00:00:00# and RegistDate <= #2017-10-09 23:59:59#  Group By SendCheckOffice  】
【  2017-10-09 10:29:34  】【  Could not find file 'E:\生化上位机软件\尿仪\UrineAnalyzer\UrineAnalyzer\bin\Debug\Database.mdb'. : DB.Query执行错误 : Select SendCheckDoctor as ItemName,Count(SendCheckDoctor) as Num  From Tab_SampleInfo  Where RegistDate >= #2017-10-09 00:00:00# and RegistDate <= #2017-10-09 23:59:59#  Group By SendCheckDoctor  】
【  2017-10-09 10:29:34  】【  Could not find file 'E:\生化上位机软件\尿仪\UrineAnalyzer\UrineAnalyzer\bin\Debug\Database.mdb'. : DB.Query执行错误 : Select CheckDoctor as ItemName,Count(CheckDoctor) as Num  From Tab_SampleInfo  Where RegistDate >= #2017-10-09 00:00:00# and RegistDate <= #2017-10-09 23:59:59#  Group By CheckDoctor  】
【  2017-10-09 10:29:34  】【  Could not find file 'E:\生化上位机软件\尿仪\UrineAnalyzer\UrineAnalyzer\bin\Debug\Database.mdb'. : DB.Query执行错误 : Select SendCheckOffice as ItemName,Count(SendCheckOffice) as Num  From Tab_SampleInfo  Where RegistDate >= #2017-10-09 00:00:00# and RegistDate <= #2017-10-09 23:59:59#  Group By SendCheckOffice  】
【  2017-10-09 10:29:34  】【  Could not find file 'E:\生化上位机软件\尿仪\UrineAnalyzer\UrineAnalyzer\bin\Debug\Database.mdb'. : DB.Query执行错误 : Select SendCheckDoctor as ItemName,Count(SendCheckDoctor) as Num  From Tab_SampleInfo  Where RegistDate >= #2017-10-09 00:00:00# and RegistDate <= #2017-10-09 23:59:59#  Group By SendCheckDoctor  】
【  2017-10-09 10:29:34  】【  Could not find file 'E:\生化上位机软件\尿仪\UrineAnalyzer\UrineAnalyzer\bin\Debug\Database.mdb'. : DB.Query执行错误 : Select CheckDoctor as ItemName,Count(CheckDoctor) as Num  From Tab_SampleInfo  Where RegistDate >= #2017-10-09 00:00:00# and RegistDate <= #2017-10-09 23:59:59#  Group By CheckDoctor  】
【  2017-10-09 10:29:34  】【  Could not find file 'E:\生化上位机软件\尿仪\UrineAnalyzer\UrineAnalyzer\bin\Debug\Database.mdb'. : DB.Query执行错误 : Select SendCheckOffice as ItemName,Count(SendCheckOffice) as Num  From Tab_SampleInfo  Where RegistDate >= #2017-10-09 00:00:00# and RegistDate <= #2017-10-09 23:59:59#  Group By SendCheckOffice  】
【  2017-10-09 10:29:35  】【  Could not find file 'E:\生化上位机软件\尿仪\UrineAnalyzer\UrineAnalyzer\bin\Debug\Database.mdb'. : DB.Query执行错误 : Select SendCheckDoctor as ItemName,Count(SendCheckDoctor) as Num  From Tab_SampleInfo  Where RegistDate >= #2017-10-09 00:00:00# and RegistDate <= #2017-10-09 23:59:59#  Group By SendCheckDoctor  】
【  2017-10-09 10:29:35  】【  Could not find file 'E:\生化上位机软件\尿仪\UrineAnalyzer\UrineAnalyzer\bin\Debug\Database.mdb'. : DB.Query执行错误 : Select CheckDoctor as ItemName,Count(CheckDoctor) as Num  From Tab_SampleInfo  Where RegistDate >= #2017-10-09 00:00:00# and RegistDate <= #2017-10-09 23:59:59#  Group By CheckDoctor  】
【  2017-10-09 10:29:36  】【  Could not find file 'E:\生化上位机软件\尿仪\UrineAnalyzer\UrineAnalyzer\bin\Debug\Database.mdb'. : DB.Query执行错误 : Select SendCheckOffice as ItemName,Count(SendCheckOffice) as Num  From Tab_SampleInfo  Where RegistDate >= #2017-10-09 00:00:00# and RegistDate <= #2017-10-09 23:59:59#  Group By SendCheckOffice  】
【  2017-10-09 10:29:36  】【  Could not find file 'E:\生化上位机软件\尿仪\UrineAnalyzer\UrineAnalyzer\bin\Debug\Database.mdb'. : DB.Query执行错误 : Select SendCheckDoctor as ItemName,Count(SendCheckDoctor) as Num  From Tab_SampleInfo  Where RegistDate >= #2017-10-09 00:00:00# and RegistDate <= #2017-10-09 23:59:59#  Group By SendCheckDoctor  】
【  2017-10-09 10:29:36  】【  Could not find file 'E:\生化上位机软件\尿仪\UrineAnalyzer\UrineAnalyzer\bin\Debug\Database.mdb'. : DB.Query执行错误 : Select CheckDoctor as ItemName,Count(CheckDoctor) as Num  From Tab_SampleInfo  Where RegistDate >= #2017-10-09 00:00:00# and RegistDate <= #2017-10-09 23:59:59#  Group By CheckDoctor  】
【  2017-10-09 10:29:36  】【  Could not find file 'E:\生化上位机软件\尿仪\UrineAnalyzer\UrineAnalyzer\bin\Debug\Database.mdb'. : DB.Query执行错误 : Select * From Tab_OptionNames Where TypeID = 0  】
【  2017-10-09 10:29:36  】【  Could not find file 'E:\生化上位机软件\尿仪\UrineAnalyzer\UrineAnalyzer\bin\Debug\Database.mdb'. : DB.Query执行错误 : Select * From Tab_OptionNames Where TypeID = 1  】
【  2017-10-09 10:29:37  】【  Could not find file 'E:\生化上位机软件\尿仪\UrineAnalyzer\UrineAnalyzer\bin\Debug\Database.mdb'. : DB.Query执行错误 : Select * From Tab_OptionNames Where TypeID = 2  】
【  2017-10-09 10:29:37  】【  Could not find file 'E:\生化上位机软件\尿仪\UrineAnalyzer\UrineAnalyzer\bin\Debug\Database.mdb'. : DB.Query执行错误 : Select * From Tab_OptionNames Where TypeID = 3  】
【  2017-10-09 10:29:37  】【  Could not find file 'E:\生化上位机软件\尿仪\UrineAnalyzer\UrineAnalyzer\bin\Debug\Database.mdb'. : DB.Query执行错误 : Select * From Tab_OptionNames Where TypeID = 4  】
【  2017-10-09 10:29:37  】【  Could not find file 'E:\生化上位机软件\尿仪\UrineAnalyzer\UrineAnalyzer\bin\Debug\Database.mdb'. : DB.Query执行错误 : Select * From Tab_OptionNames Where TypeID = 5  】
【  2017-10-09 10:29:37  】【  Could not find file 'E:\生化上位机软件\尿仪\UrineAnalyzer\UrineAnalyzer\bin\Debug\Database.mdb'. : DB.Query执行错误 : Select * From Tab_OptionNames Where TypeID = 6  】
【  2017-10-09 10:29:37  】【  Could not find file 'E:\生化上位机软件\尿仪\UrineAnalyzer\UrineAnalyzer\bin\Debug\Database.mdb'. : DB.Query执行错误 : Select * From Tab_DefaultInput  】
【  2017-10-09 10:29:37  】【  Could not find file 'E:\生化上位机软件\尿仪\UrineAnalyzer\UrineAnalyzer\bin\Debug\Database.mdb'. : DB.Query执行错误 : Select * From Tab_DefaultInput Where TypeID = 0  】
【  2017-10-09 10:29:37  】【  Could not find file 'E:\生化上位机软件\尿仪\UrineAnalyzer\UrineAnalyzer\bin\Debug\Database.mdb'. : DB.Query执行错误 : Select * From Tab_DefaultInput Where TypeID = 1  】
【  2017-10-09 10:29:38  】【  Could not find file 'E:\生化上位机软件\尿仪\UrineAnalyzer\UrineAnalyzer\bin\Debug\Database.mdb'. : DB.Query执行错误 : Select * From Tab_DefaultInput Where TypeID = 2  】
【  2017-10-09 10:29:38  】【  Could not find file 'E:\生化上位机软件\尿仪\UrineAnalyzer\UrineAnalyzer\bin\Debug\Database.mdb'. : DB.Query执行错误 : Select * From Tab_DefaultInput Where TypeID = 3  】
【  2017-10-09 10:29:38  】【  Could not find file 'E:\生化上位机软件\尿仪\UrineAnalyzer\UrineAnalyzer\bin\Debug\Database.mdb'. : DB.Query执行错误 : Select * From Tab_DefaultInput Where TypeID = 4  】
【  2017-10-09 10:29:38  】【  Could not find file 'E:\生化上位机软件\尿仪\UrineAnalyzer\UrineAnalyzer\bin\Debug\Database.mdb'. : DB.Query执行错误 : Select * From Tab_DefaultInput Where TypeID = 5  】
【  2017-10-09 10:29:38  】【  Could not find file 'E:\生化上位机软件\尿仪\UrineAnalyzer\UrineAnalyzer\bin\Debug\Database.mdb'. : DB.Query执行错误 : Select * From Tab_DefaultInput Where TypeID = 6  】
【  2017-10-09 10:30:05  】【  Could not find file 'E:\生化上位机软件\尿仪\UrineAnalyzer\UrineAnalyzer\bin\Debug\Database.mdb'.  】
【  2017-10-09 10:30:05  】【  Connection Thread ID 10 Count : 1  】
【  2017-10-09 10:30:05  】【  Could not find file 'E:\生化上位机软件\尿仪\UrineAnalyzer\UrineAnalyzer\bin\Debug\Database.mdb'. : DB.Query执行错误 : SELECT * FROM Tab_SampleInfo Where RegistDate >= #2017-10-09 00:00:00# and RegistDate <= #2017-10-09 23:59:59# Order by SampleID  】
【  2017-10-09 10:30:05  】【  Could not find file 'E:\生化上位机软件\尿仪\UrineAnalyzer\UrineAnalyzer\bin\Debug\Database.mdb'. : DB.Query执行错误 : SELECT * FROM Tab_SampleInfo Where RegistDate >= #2017-10-09 00:00:00# and RegistDate <= #2017-10-09 23:59:59# Order by SampleID  】
【  2017-10-09 10:30:05  】【  Could not find file 'E:\生化上位机软件\尿仪\UrineAnalyzer\UrineAnalyzer\bin\Debug\Database.mdb'. : DB.Query执行错误 : Select * From Tab_QCResult Where Year(QCDate) = 2017 and Month(QCDate) = 10 and IsNeg = true Order by QCDate  】
【  2017-10-09 10:30:06  】【  Could not find file 'E:\生化上位机软件\尿仪\UrineAnalyzer\UrineAnalyzer\bin\Debug\Database.mdb'. : DB.Query执行错误 : Select SendCheckOffice as ItemName,Count(SendCheckOffice) as Num  From Tab_SampleInfo  Where RegistDate >= #2017-10-09 00:00:00# and RegistDate <= #2017-10-09 23:59:59#  Group By SendCheckOffice  】
【  2017-10-09 10:30:06  】【  Could not find file 'E:\生化上位机软件\尿仪\UrineAnalyzer\UrineAnalyzer\bin\Debug\Database.mdb'. : DB.Query执行错误 : Select SendCheckDoctor as ItemName,Count(SendCheckDoctor) as Num  From Tab_SampleInfo  Where RegistDate >= #2017-10-09 00:00:00# and RegistDate <= #2017-10-09 23:59:59#  Group By SendCheckDoctor  】
【  2017-10-09 10:30:06  】【  Could not find file 'E:\生化上位机软件\尿仪\UrineAnalyzer\UrineAnalyzer\bin\Debug\Database.mdb'. : DB.Query执行错误 : Select CheckDoctor as ItemName,Count(CheckDoctor) as Num  From Tab_SampleInfo  Where RegistDate >= #2017-10-09 00:00:00# and RegistDate <= #2017-10-09 23:59:59#  Group By CheckDoctor  】
【  2017-10-09 10:30:06  】【  Could not find file 'E:\生化上位机软件\尿仪\UrineAnalyzer\UrineAnalyzer\bin\Debug\Database.mdb'. : DB.Query执行错误 : Select SendCheckOffice as ItemName,Count(SendCheckOffice) as Num  From Tab_SampleInfo  Where RegistDate >= #2017-10-09 00:00:00# and RegistDate <= #2017-10-09 23:59:59#  Group By SendCheckOffice  】
【  2017-10-09 10:30:06  】【  Could not find file 'E:\生化上位机软件\尿仪\UrineAnalyzer\UrineAnalyzer\bin\Debug\Database.mdb'. : DB.Query执行错误 : Select SendCheckDoctor as ItemName,Count(SendCheckDoctor) as Num  From Tab_SampleInfo  Where RegistDate >= #2017-10-09 00:00:00# and RegistDate <= #2017-10-09 23:59:59#  Group By SendCheckDoctor  】
【  2017-10-09 10:30:06  】【  Could not find file 'E:\生化上位机软件\尿仪\UrineAnalyzer\UrineAnalyzer\bin\Debug\Database.mdb'. : DB.Query执行错误 : Select CheckDoctor as ItemName,Count(CheckDoctor) as Num  From Tab_SampleInfo  Where RegistDate >= #2017-10-09 00:00:00# and RegistDate <= #2017-10-09 23:59:59#  Group By CheckDoctor  】
【  2017-10-09 10:30:07  】【  Could not find file 'E:\生化上位机软件\尿仪\UrineAnalyzer\UrineAnalyzer\bin\Debug\Database.mdb'. : DB.Query执行错误 : Select SendCheckOffice as ItemName,Count(SendCheckOffice) as Num  From Tab_SampleInfo  Where RegistDate >= #2017-10-09 00:00:00# and RegistDate <= #2017-10-09 23:59:59#  Group By SendCheckOffice  】
【  2017-10-09 10:30:07  】【  Could not find file 'E:\生化上位机软件\尿仪\UrineAnalyzer\UrineAnalyzer\bin\Debug\Database.mdb'. : DB.Query执行错误 : Select SendCheckDoctor as ItemName,Count(SendCheckDoctor) as Num  From Tab_SampleInfo  Where RegistDate >= #2017-10-09 00:00:00# and RegistDate <= #2017-10-09 23:59:59#  Group By SendCheckDoctor  】
【  2017-10-09 10:30:07  】【  Could not find file 'E:\生化上位机软件\尿仪\UrineAnalyzer\UrineAnalyzer\bin\Debug\Database.mdb'. : DB.Query执行错误 : Select CheckDoctor as ItemName,Count(CheckDoctor) as Num  From Tab_SampleInfo  Where RegistDate >= #2017-10-09 00:00:00# and RegistDate <= #2017-10-09 23:59:59#  Group By CheckDoctor  】
【  2017-10-09 10:30:07  】【  Could not find file 'E:\生化上位机软件\尿仪\UrineAnalyzer\UrineAnalyzer\bin\Debug\Database.mdb'. : DB.Query执行错误 : Select SendCheckOffice as ItemName,Count(SendCheckOffice) as Num  From Tab_SampleInfo  Where RegistDate >= #2017-10-09 00:00:00# and RegistDate <= #2017-10-09 23:59:59#  Group By SendCheckOffice  】
【  2017-10-09 10:30:07  】【  Could not find file 'E:\生化上位机软件\尿仪\UrineAnalyzer\UrineAnalyzer\bin\Debug\Database.mdb'. : DB.Query执行错误 : Select SendCheckDoctor as ItemName,Count(SendCheckDoctor) as Num  From Tab_SampleInfo  Where RegistDate >= #2017-10-09 00:00:00# and RegistDate <= #2017-10-09 23:59:59#  Group By SendCheckDoctor  】
【  2017-10-09 10:30:07  】【  Could not find file 'E:\生化上位机软件\尿仪\UrineAnalyzer\UrineAnalyzer\bin\Debug\Database.mdb'. : DB.Query执行错误 : Select CheckDoctor as ItemName,Count(CheckDoctor) as Num  From Tab_SampleInfo  Where RegistDate >= #2017-10-09 00:00:00# and RegistDate <= #2017-10-09 23:59:59#  Group By CheckDoctor  】
【  2017-10-09 10:30:08  】【  Could not find file 'E:\生化上位机软件\尿仪\UrineAnalyzer\UrineAnalyzer\bin\Debug\Database.mdb'. : DB.Query执行错误 : Select * From Tab_OptionNames Where TypeID = 0  】
【  2017-10-09 10:30:08  】【  Could not find file 'E:\生化上位机软件\尿仪\UrineAnalyzer\UrineAnalyzer\bin\Debug\Database.mdb'. : DB.Query执行错误 : Select * From Tab_OptionNames Where TypeID = 1  】
【  2017-10-09 10:30:08  】【  Could not find file 'E:\生化上位机软件\尿仪\UrineAnalyzer\UrineAnalyzer\bin\Debug\Database.mdb'. : DB.Query执行错误 : Select * From Tab_OptionNames Where TypeID = 2  】
【  2017-10-09 10:30:08  】【  Could not find file 'E:\生化上位机软件\尿仪\UrineAnalyzer\UrineAnalyzer\bin\Debug\Database.mdb'. : DB.Query执行错误 : Select * From Tab_OptionNames Where TypeID = 3  】
【  2017-10-09 10:30:08  】【  Could not find file 'E:\生化上位机软件\尿仪\UrineAnalyzer\UrineAnalyzer\bin\Debug\Database.mdb'. : DB.Query执行错误 : Select * From Tab_OptionNames Where TypeID = 4  】
【  2017-10-09 10:30:08  】【  Could not find file 'E:\生化上位机软件\尿仪\UrineAnalyzer\UrineAnalyzer\bin\Debug\Database.mdb'. : DB.Query执行错误 : Select * From Tab_OptionNames Where TypeID = 5  】
【  2017-10-09 10:30:09  】【  Could not find file 'E:\生化上位机软件\尿仪\UrineAnalyzer\UrineAnalyzer\bin\Debug\Database.mdb'. : DB.Query执行错误 : Select * From Tab_OptionNames Where TypeID = 6  】
【  2017-10-09 10:30:09  】【  Could not find file 'E:\生化上位机软件\尿仪\UrineAnalyzer\UrineAnalyzer\bin\Debug\Database.mdb'. : DB.Query执行错误 : Select * From Tab_DefaultInput  】
【  2017-10-09 10:30:09  】【  Could not find file 'E:\生化上位机软件\尿仪\UrineAnalyzer\UrineAnalyzer\bin\Debug\Database.mdb'. : DB.Query执行错误 : Select * From Tab_DefaultInput Where TypeID = 0  】
【  2017-10-09 10:30:09  】【  Could not find file 'E:\生化上位机软件\尿仪\UrineAnalyzer\UrineAnalyzer\bin\Debug\Database.mdb'. : DB.Query执行错误 : Select * From Tab_DefaultInput Where TypeID = 1  】
【  2017-10-09 10:30:09  】【  Could not find file 'E:\生化上位机软件\尿仪\UrineAnalyzer\UrineAnalyzer\bin\Debug\Database.mdb'. : DB.Query执行错误 : Select * From Tab_DefaultInput Where TypeID = 2  】
【  2017-10-09 10:30:09  】【  Could not find file 'E:\生化上位机软件\尿仪\UrineAnalyzer\UrineAnalyzer\bin\Debug\Database.mdb'. : DB.Query执行错误 : Select * From Tab_DefaultInput Where TypeID = 3  】
【  2017-10-09 10:30:09  】【  Could not find file 'E:\生化上位机软件\尿仪\UrineAnalyzer\UrineAnalyzer\bin\Debug\Database.mdb'. : DB.Query执行错误 : Select * From Tab_DefaultInput Where TypeID = 4  】
【  2017-10-09 10:30:10  】【  Could not find file 'E:\生化上位机软件\尿仪\UrineAnalyzer\UrineAnalyzer\bin\Debug\Database.mdb'. : DB.Query执行错误 : Select * From Tab_DefaultInput Where TypeID = 5  】
【  2017-10-09 10:30:10  】【  Could not find file 'E:\生化上位机软件\尿仪\UrineAnalyzer\UrineAnalyzer\bin\Debug\Database.mdb'. : DB.Query执行错误 : Select * From Tab_DefaultInput Where TypeID = 6  】
【  2017-10-09 10:35:13  】【  Could not find file 'E:\生化上位机软件\尿仪\UrineAnalyzer\UrineAnalyzer\bin\Debug\Database.mdb'.  】
【  2017-10-09 10:35:13  】【  Connection Thread ID 10 Count : 1  】
【  2017-10-09 10:35:14  】【  Could not find file 'E:\生化上位机软件\尿仪\UrineAnalyzer\UrineAnalyzer\bin\Debug\Database.mdb'. : DB.Query执行错误 : SELECT * FROM Tab_SampleInfo Where RegistDate >= #2017-10-09 00:00:00# and RegistDate <= #2017-10-09 23:59:59# Order by SampleID  】
【  2017-10-09 10:35:14  】【  Could not find file 'E:\生化上位机软件\尿仪\UrineAnalyzer\UrineAnalyzer\bin\Debug\Database.mdb'. : DB.Query执行错误 : SELECT * FROM Tab_SampleInfo Where RegistDate >= #2017-10-09 00:00:00# and RegistDate <= #2017-10-09 23:59:59# Order by SampleID  】
【  2017-10-09 10:35:14  】【  Could not find file 'E:\生化上位机软件\尿仪\UrineAnalyzer\UrineAnalyzer\bin\Debug\Database.mdb'. : DB.Query执行错误 : Select * From Tab_QCResult Where Year(QCDate) = 2017 and Month(QCDate) = 10 and IsNeg = true Order by QCDate  】
【  2017-10-09 10:35:14  】【  Could not find file 'E:\生化上位机软件\尿仪\UrineAnalyzer\UrineAnalyzer\bin\Debug\Database.mdb'. : DB.Query执行错误 : Select SendCheckOffice as ItemName,Count(SendCheckOffice) as Num  From Tab_SampleInfo  Where RegistDate >= #2017-10-09 00:00:00# and RegistDate <= #2017-10-09 23:59:59#  Group By SendCheckOffice  】
【  2017-10-09 10:35:15  】【  Could not find file 'E:\生化上位机软件\尿仪\UrineAnalyzer\UrineAnalyzer\bin\Debug\Database.mdb'. : DB.Query执行错误 : Select SendCheckDoctor as ItemName,Count(SendCheckDoctor) as Num  From Tab_SampleInfo  Where RegistDate >= #2017-10-09 00:00:00# and RegistDate <= #2017-10-09 23:59:59#  Group By SendCheckDoctor  】
【  2017-10-09 10:35:15  】【  Could not find file 'E:\生化上位机软件\尿仪\UrineAnalyzer\UrineAnalyzer\bin\Debug\Database.mdb'. : DB.Query执行错误 : Select CheckDoctor as ItemName,Count(CheckDoctor) as Num  From Tab_SampleInfo  Where RegistDate >= #2017-10-09 00:00:00# and RegistDate <= #2017-10-09 23:59:59#  Group By CheckDoctor  】
【  2017-10-09 10:35:15  】【  Could not find file 'E:\生化上位机软件\尿仪\UrineAnalyzer\UrineAnalyzer\bin\Debug\Database.mdb'. : DB.Query执行错误 : Select SendCheckOffice as ItemName,Count(SendCheckOffice) as Num  From Tab_SampleInfo  Where RegistDate >= #2017-10-09 00:00:00# and RegistDate <= #2017-10-09 23:59:59#  Group By SendCheckOffice  】
【  2017-10-09 10:35:15  】【  Could not find file 'E:\生化上位机软件\尿仪\UrineAnalyzer\UrineAnalyzer\bin\Debug\Database.mdb'. : DB.Query执行错误 : Select SendCheckDoctor as ItemName,Count(SendCheckDoctor) as Num  From Tab_SampleInfo  Where RegistDate >= #2017-10-09 00:00:00# and RegistDate <= #2017-10-09 23:59:59#  Group By SendCheckDoctor  】
【  2017-10-09 10:35:15  】【  Could not find file 'E:\生化上位机软件\尿仪\UrineAnalyzer\UrineAnalyzer\bin\Debug\Database.mdb'. : DB.Query执行错误 : Select CheckDoctor as ItemName,Count(CheckDoctor) as Num  From Tab_SampleInfo  Where RegistDate >= #2017-10-09 00:00:00# and RegistDate <= #2017-10-09 23:59:59#  Group By CheckDoctor  】
【  2017-10-09 10:35:16  】【  Could not find file 'E:\生化上位机软件\尿仪\UrineAnalyzer\UrineAnalyzer\bin\Debug\Database.mdb'. : DB.Query执行错误 : Select SendCheckOffice as ItemName,Count(SendCheckOffice) as Num  From Tab_SampleInfo  Where RegistDate >= #2017-10-09 00:00:00# and RegistDate <= #2017-10-09 23:59:59#  Group By SendCheckOffice  】
【  2017-10-09 10:35:16  】【  Could not find file 'E:\生化上位机软件\尿仪\UrineAnalyzer\UrineAnalyzer\bin\Debug\Database.mdb'. : DB.Query执行错误 : Select SendCheckDoctor as ItemName,Count(SendCheckDoctor) as Num  From Tab_SampleInfo  Where RegistDate >= #2017-10-09 00:00:00# and RegistDate <= #2017-10-09 23:59:59#  Group By SendCheckDoctor  】
【  2017-10-09 10:35:16  】【  Could not find file 'E:\生化上位机软件\尿仪\UrineAnalyzer\UrineAnalyzer\bin\Debug\Database.mdb'. : DB.Query执行错误 : Select CheckDoctor as ItemName,Count(CheckDoctor) as Num  From Tab_SampleInfo  Where RegistDate >= #2017-10-09 00:00:00# and RegistDate <= #2017-10-09 23:59:59#  Group By CheckDoctor  】
【  2017-10-09 10:35:16  】【  Could not find file 'E:\生化上位机软件\尿仪\UrineAnalyzer\UrineAnalyzer\bin\Debug\Database.mdb'. : DB.Query执行错误 : Select SendCheckOffice as ItemName,Count(SendCheckOffice) as Num  From Tab_SampleInfo  Where RegistDate >= #2017-10-09 00:00:00# and RegistDate <= #2017-10-09 23:59:59#  Group By SendCheckOffice  】
【  2017-10-09 10:35:16  】【  Could not find file 'E:\生化上位机软件\尿仪\UrineAnalyzer\UrineAnalyzer\bin\Debug\Database.mdb'. : DB.Query执行错误 : Select SendCheckDoctor as ItemName,Count(SendCheckDoctor) as Num  From Tab_SampleInfo  Where RegistDate >= #2017-10-09 00:00:00# and RegistDate <= #2017-10-09 23:59:59#  Group By SendCheckDoctor  】
【  2017-10-09 10:35:17  】【  Could not find file 'E:\生化上位机软件\尿仪\UrineAnalyzer\UrineAnalyzer\bin\Debug\Database.mdb'. : DB.Query执行错误 : Select CheckDoctor as ItemName,Count(CheckDoctor) as Num  From Tab_SampleInfo  Where RegistDate >= #2017-10-09 00:00:00# and RegistDate <= #2017-10-09 23:59:59#  Group By CheckDoctor  】
【  2017-10-09 10:35:17  】【  Could not find file 'E:\生化上位机软件\尿仪\UrineAnalyzer\UrineAnalyzer\bin\Debug\Database.mdb'. : DB.Query执行错误 : Select * From Tab_OptionNames Where TypeID = 0  】
【  2017-10-09 10:35:17  】【  Could not find file 'E:\生化上位机软件\尿仪\UrineAnalyzer\UrineAnalyzer\bin\Debug\Database.mdb'. : DB.Query执行错误 : Select * From Tab_OptionNames Where TypeID = 1  】
【  2017-10-09 10:35:17  】【  Could not find file 'E:\生化上位机软件\尿仪\UrineAnalyzer\UrineAnalyzer\bin\Debug\Database.mdb'. : DB.Query执行错误 : Select * From Tab_OptionNames Where TypeID = 2  】
【  2017-10-09 10:35:17  】【  Could not find file 'E:\生化上位机软件\尿仪\UrineAnalyzer\UrineAnalyzer\bin\Debug\Database.mdb'. : DB.Query执行错误 : Select * From Tab_OptionNames Where TypeID = 3  】
【  2017-10-09 10:35:17  】【  Could not find file 'E:\生化上位机软件\尿仪\UrineAnalyzer\UrineAnalyzer\bin\Debug\Database.mdb'. : DB.Query执行错误 : Select * From Tab_OptionNames Where TypeID = 4  】
【  2017-10-09 10:35:18  】【  Could not find file 'E:\生化上位机软件\尿仪\UrineAnalyzer\UrineAnalyzer\bin\Debug\Database.mdb'. : DB.Query执行错误 : Select * From Tab_OptionNames Where TypeID = 5  】
【  2017-10-09 10:35:18  】【  Could not find file 'E:\生化上位机软件\尿仪\UrineAnalyzer\UrineAnalyzer\bin\Debug\Database.mdb'. : DB.Query执行错误 : Select * From Tab_OptionNames Where TypeID = 6  】
【  2017-10-09 10:35:18  】【  Could not find file 'E:\生化上位机软件\尿仪\UrineAnalyzer\UrineAnalyzer\bin\Debug\Database.mdb'. : DB.Query执行错误 : Select * From Tab_DefaultInput  】
【  2017-10-09 10:35:18  】【  Could not find file 'E:\生化上位机软件\尿仪\UrineAnalyzer\UrineAnalyzer\bin\Debug\Database.mdb'. : DB.Query执行错误 : Select * From Tab_DefaultInput Where TypeID = 0  】
【  2017-10-09 10:35:18  】【  Could not find file 'E:\生化上位机软件\尿仪\UrineAnalyzer\UrineAnalyzer\bin\Debug\Database.mdb'. : DB.Query执行错误 : Select * From Tab_DefaultInput Where TypeID = 1  】
【  2017-10-09 10:35:18  】【  Could not find file 'E:\生化上位机软件\尿仪\UrineAnalyzer\UrineAnalyzer\bin\Debug\Database.mdb'. : DB.Query执行错误 : Select * From Tab_DefaultInput Where TypeID = 2  】
【  2017-10-09 10:35:19  】【  Could not find file 'E:\生化上位机软件\尿仪\UrineAnalyzer\UrineAnalyzer\bin\Debug\Database.mdb'. : DB.Query执行错误 : Select * From Tab_DefaultInput Where TypeID = 3  】
【  2017-10-09 10:35:19  】【  Could not find file 'E:\生化上位机软件\尿仪\UrineAnalyzer\UrineAnalyzer\bin\Debug\Database.mdb'. : DB.Query执行错误 : Select * From Tab_DefaultInput Where TypeID = 4  】
【  2017-10-09 10:35:19  】【  Could not find file 'E:\生化上位机软件\尿仪\UrineAnalyzer\UrineAnalyzer\bin\Debug\Database.mdb'. : DB.Query执行错误 : Select * From Tab_DefaultInput Where TypeID = 5  】
【  2017-10-09 10:35:19  】【  Could not find file 'E:\生化上位机软件\尿仪\UrineAnalyzer\UrineAnalyzer\bin\Debug\Database.mdb'. : DB.Query执行错误 : Select * From Tab_DefaultInput Where TypeID = 6  】
【  2017-10-09 10:36:47  】【  Could not find file 'E:\生化上位机软件\尿仪\UrineAnalyzer\UrineAnalyzer\bin\Debug\Database.mdb'.  】
【  2017-10-09 10:36:47  】【  Connection Thread ID 9 Count : 1  】
【  2017-10-09 10:36:48  】【  Could not find file 'E:\生化上位机软件\尿仪\UrineAnalyzer\UrineAnalyzer\bin\Debug\Database.mdb'. : DB.Query执行错误 : SELECT * FROM Tab_SampleInfo Where RegistDate >= #2017-10-09 00:00:00# and RegistDate <= #2017-10-09 23:59:59# Order by SampleID  】
【  2017-10-09 10:36:48  】【  Could not find file 'E:\生化上位机软件\尿仪\UrineAnalyzer\UrineAnalyzer\bin\Debug\Database.mdb'. : DB.Query执行错误 : SELECT * FROM Tab_SampleInfo Where RegistDate >= #2017-10-09 00:00:00# and RegistDate <= #2017-10-09 23:59:59# Order by SampleID  】
【  2017-10-09 10:36:48  】【  Could not find file 'E:\生化上位机软件\尿仪\UrineAnalyzer\UrineAnalyzer\bin\Debug\Database.mdb'. : DB.Query执行错误 : Select * From Tab_QCResult Where Year(QCDate) = 2017 and Month(QCDate) = 10 and IsNeg = true Order by QCDate  】
【  2017-10-09 10:36:48  】【  Could not find file 'E:\生化上位机软件\尿仪\UrineAnalyzer\UrineAnalyzer\bin\Debug\Database.mdb'. : DB.Query执行错误 : Select SendCheckOffice as ItemName,Count(SendCheckOffice) as Num  From Tab_SampleInfo  Where RegistDate >= #2017-10-09 00:00:00# and RegistDate <= #2017-10-09 23:59:59#  Group By SendCheckOffice  】
【  2017-10-09 10:36:48  】【  Could not find file 'E:\生化上位机软件\尿仪\UrineAnalyzer\UrineAnalyzer\bin\Debug\Database.mdb'. : DB.Query执行错误 : Select SendCheckDoctor as ItemName,Count(SendCheckDoctor) as Num  From Tab_SampleInfo  Where RegistDate >= #2017-10-09 00:00:00# and RegistDate <= #2017-10-09 23:59:59#  Group By SendCheckDoctor  】
【  2017-10-09 10:36:49  】【  Could not find file 'E:\生化上位机软件\尿仪\UrineAnalyzer\UrineAnalyzer\bin\Debug\Database.mdb'. : DB.Query执行错误 : Select CheckDoctor as ItemName,Count(CheckDoctor) as Num  From Tab_SampleInfo  Where RegistDate >= #2017-10-09 00:00:00# and RegistDate <= #2017-10-09 23:59:59#  Group By CheckDoctor  】
【  2017-10-09 10:36:49  】【  Could not find file 'E:\生化上位机软件\尿仪\UrineAnalyzer\UrineAnalyzer\bin\Debug\Database.mdb'. : DB.Query执行错误 : Select SendCheckOffice as ItemName,Count(SendCheckOffice) as Num  From Tab_SampleInfo  Where RegistDate >= #2017-10-09 00:00:00# and RegistDate <= #2017-10-09 23:59:59#  Group By SendCheckOffice  】
【  2017-10-09 10:36:49  】【  Could not find file 'E:\生化上位机软件\尿仪\UrineAnalyzer\UrineAnalyzer\bin\Debug\Database.mdb'. : DB.Query执行错误 : Select SendCheckDoctor as ItemName,Count(SendCheckDoctor) as Num  From Tab_SampleInfo  Where RegistDate >= #2017-10-09 00:00:00# and RegistDate <= #2017-10-09 23:59:59#  Group By SendCheckDoctor  】
【  2017-10-09 10:36:49  】【  Could not find file 'E:\生化上位机软件\尿仪\UrineAnalyzer\UrineAnalyzer\bin\Debug\Database.mdb'. : DB.Query执行错误 : Select CheckDoctor as ItemName,Count(CheckDoctor) as Num  From Tab_SampleInfo  Where RegistDate >= #2017-10-09 00:00:00# and RegistDate <= #2017-10-09 23:59:59#  Group By CheckDoctor  】
【  2017-10-09 10:36:49  】【  Could not find file 'E:\生化上位机软件\尿仪\UrineAnalyzer\UrineAnalyzer\bin\Debug\Database.mdb'. : DB.Query执行错误 : Select SendCheckOffice as ItemName,Count(SendCheckOffice) as Num  From Tab_SampleInfo  Where RegistDate >= #2017-10-09 00:00:00# and RegistDate <= #2017-10-09 23:59:59#  Group By SendCheckOffice  】
【  2017-10-09 10:36:50  】【  Could not find file 'E:\生化上位机软件\尿仪\UrineAnalyzer\UrineAnalyzer\bin\Debug\Database.mdb'. : DB.Query执行错误 : Select SendCheckDoctor as ItemName,Count(SendCheckDoctor) as Num  From Tab_SampleInfo  Where RegistDate >= #2017-10-09 00:00:00# and RegistDate <= #2017-10-09 23:59:59#  Group By SendCheckDoctor  】
【  2017-10-09 10:36:50  】【  Could not find file 'E:\生化上位机软件\尿仪\UrineAnalyzer\UrineAnalyzer\bin\Debug\Database.mdb'. : DB.Query执行错误 : Select CheckDoctor as ItemName,Count(CheckDoctor) as Num  From Tab_SampleInfo  Where RegistDate >= #2017-10-09 00:00:00# and RegistDate <= #2017-10-09 23:59:59#  Group By CheckDoctor  】
【  2017-10-09 10:36:50  】【  Could not find file 'E:\生化上位机软件\尿仪\UrineAnalyzer\UrineAnalyzer\bin\Debug\Database.mdb'. : DB.Query执行错误 : Select SendCheckOffice as ItemName,Count(SendCheckOffice) as Num  From Tab_SampleInfo  Where RegistDate >= #2017-10-09 00:00:00# and RegistDate <= #2017-10-09 23:59:59#  Group By SendCheckOffice  】
【  2017-10-09 10:36:50  】【  Could not find file 'E:\生化上位机软件\尿仪\UrineAnalyzer\UrineAnalyzer\bin\Debug\Database.mdb'. : DB.Query执行错误 : Select SendCheckDoctor as ItemName,Count(SendCheckDoctor) as Num  From Tab_SampleInfo  Where RegistDate >= #2017-10-09 00:00:00# and RegistDate <= #2017-10-09 23:59:59#  Group By SendCheckDoctor  】
【  2017-10-09 10:36:50  】【  Could not find file 'E:\生化上位机软件\尿仪\UrineAnalyzer\UrineAnalyzer\bin\Debug\Database.mdb'. : DB.Query执行错误 : Select CheckDoctor as ItemName,Count(CheckDoctor) as Num  From Tab_SampleInfo  Where RegistDate >= #2017-10-09 00:00:00# and RegistDate <= #2017-10-09 23:59:59#  Group By CheckDoctor  】
【  2017-10-09 10:36:50  】【  Could not find file 'E:\生化上位机软件\尿仪\UrineAnalyzer\UrineAnalyzer\bin\Debug\Database.mdb'. : DB.Query执行错误 : Select * From Tab_OptionNames Where TypeID = 0  】
【  2017-10-09 10:36:51  】【  Could not find file 'E:\生化上位机软件\尿仪\UrineAnalyzer\UrineAnalyzer\bin\Debug\Database.mdb'. : DB.Query执行错误 : Select * From Tab_OptionNames Where TypeID = 1  】
【  2017-10-09 10:36:51  】【  Could not find file 'E:\生化上位机软件\尿仪\UrineAnalyzer\UrineAnalyzer\bin\Debug\Database.mdb'. : DB.Query执行错误 : Select * From Tab_OptionNames Where TypeID = 2  】
【  2017-10-09 10:36:51  】【  Could not find file 'E:\生化上位机软件\尿仪\UrineAnalyzer\UrineAnalyzer\bin\Debug\Database.mdb'. : DB.Query执行错误 : Select * From Tab_OptionNames Where TypeID = 3  】
【  2017-10-09 10:36:51  】【  Could not find file 'E:\生化上位机软件\尿仪\UrineAnalyzer\UrineAnalyzer\bin\Debug\Database.mdb'. : DB.Query执行错误 : Select * From Tab_OptionNames Where TypeID = 4  】
【  2017-10-09 10:36:51  】【  Could not find file 'E:\生化上位机软件\尿仪\UrineAnalyzer\UrineAnalyzer\bin\Debug\Database.mdb'. : DB.Query执行错误 : Select * From Tab_OptionNames Where TypeID = 5  】
【  2017-10-09 10:36:51  】【  Could not find file 'E:\生化上位机软件\尿仪\UrineAnalyzer\UrineAnalyzer\bin\Debug\Database.mdb'. : DB.Query执行错误 : Select * From Tab_OptionNames Where TypeID = 6  】
【  2017-10-09 10:36:51  】【  Could not find file 'E:\生化上位机软件\尿仪\UrineAnalyzer\UrineAnalyzer\bin\Debug\Database.mdb'. : DB.Query执行错误 : Select * From Tab_DefaultInput  】
【  2017-10-09 10:36:52  】【  Could not find file 'E:\生化上位机软件\尿仪\UrineAnalyzer\UrineAnalyzer\bin\Debug\Database.mdb'. : DB.Query执行错误 : Select * From Tab_DefaultInput Where TypeID = 0  】
【  2017-10-09 10:36:52  】【  Could not find file 'E:\生化上位机软件\尿仪\UrineAnalyzer\UrineAnalyzer\bin\Debug\Database.mdb'. : DB.Query执行错误 : Select * From Tab_DefaultInput Where TypeID = 1  】
【  2017-10-09 10:36:52  】【  Could not find file 'E:\生化上位机软件\尿仪\UrineAnalyzer\UrineAnalyzer\bin\Debug\Database.mdb'. : DB.Query执行错误 : Select * From Tab_DefaultInput Where TypeID = 2  】
【  2017-10-09 10:36:52  】【  Could not find file 'E:\生化上位机软件\尿仪\UrineAnalyzer\UrineAnalyzer\bin\Debug\Database.mdb'. : DB.Query执行错误 : Select * From Tab_DefaultInput Where TypeID = 3  】
【  2017-10-09 10:36:52  】【  Could not find file 'E:\生化上位机软件\尿仪\UrineAnalyzer\UrineAnalyzer\bin\Debug\Database.mdb'. : DB.Query执行错误 : Select * From Tab_DefaultInput Where TypeID = 4  】
【  2017-10-09 10:36:52  】【  Could not find file 'E:\生化上位机软件\尿仪\UrineAnalyzer\UrineAnalyzer\bin\Debug\Database.mdb'. : DB.Query执行错误 : Select * From Tab_DefaultInput Where TypeID = 5  】
【  2017-10-09 10:36:52  】【  Could not find file 'E:\生化上位机软件\尿仪\UrineAnalyzer\UrineAnalyzer\bin\Debug\Database.mdb'. : DB.Query执行错误 : Select * From Tab_DefaultInput Where TypeID = 6  】
【  2017-10-09 10:38:41  】【  Could not find file 'E:\生化上位机软件\尿仪\UrineAnalyzer\UrineAnalyzer\bin\Debug\Database.mdb'.  】
【  2017-10-09 10:38:41  】【  Connection Thread ID 10 Count : 1  】
【  2017-10-09 10:38:41  】【  Could not find file 'E:\生化上位机软件\尿仪\UrineAnalyzer\UrineAnalyzer\bin\Debug\Database.mdb'. : DB.Query执行错误 : SELECT * FROM Tab_SampleInfo Where RegistDate >= #2017-10-09 00:00:00# and RegistDate <= #2017-10-09 23:59:59# Order by SampleID  】
【  2017-10-09 10:38:41  】【  Could not find file 'E:\生化上位机软件\尿仪\UrineAnalyzer\UrineAnalyzer\bin\Debug\Database.mdb'. : DB.Query执行错误 : SELECT * FROM Tab_SampleInfo Where RegistDate >= #2017-10-09 00:00:00# and RegistDate <= #2017-10-09 23:59:59# Order by SampleID  】
【  2017-10-09 10:38:41  】【  Could not find file 'E:\生化上位机软件\尿仪\UrineAnalyzer\UrineAnalyzer\bin\Debug\Database.mdb'. : DB.Query执行错误 : Select * From Tab_QCResult Where Year(QCDate) = 2017 and Month(QCDate) = 10 and IsNeg = true Order by QCDate  】
【  2017-10-09 10:38:42  】【  Could not find file 'E:\生化上位机软件\尿仪\UrineAnalyzer\UrineAnalyzer\bin\Debug\Database.mdb'. : DB.Query执行错误 : Select SendCheckOffice as ItemName,Count(SendCheckOffice) as Num  From Tab_SampleInfo  Where RegistDate >= #2017-10-09 00:00:00# and RegistDate <= #2017-10-09 23:59:59#  Group By SendCheckOffice  】
【  2017-10-09 10:38:42  】【  Could not find file 'E:\生化上位机软件\尿仪\UrineAnalyzer\UrineAnalyzer\bin\Debug\Database.mdb'. : DB.Query执行错误 : Select SendCheckDoctor as ItemName,Count(SendCheckDoctor) as Num  From Tab_SampleInfo  Where RegistDate >= #2017-10-09 00:00:00# and RegistDate <= #2017-10-09 23:59:59#  Group By SendCheckDoctor  】
【  2017-10-09 10:38:42  】【  Could not find file 'E:\生化上位机软件\尿仪\UrineAnalyzer\UrineAnalyzer\bin\Debug\Database.mdb'. : DB.Query执行错误 : Select CheckDoctor as ItemName,Count(CheckDoctor) as Num  From Tab_SampleInfo  Where RegistDate >= #2017-10-09 00:00:00# and RegistDate <= #2017-10-09 23:59:59#  Group By CheckDoctor  】
【  2017-10-09 10:38:42  】【  Could not find file 'E:\生化上位机软件\尿仪\UrineAnalyzer\UrineAnalyzer\bin\Debug\Database.mdb'. : DB.Query执行错误 : Select SendCheckOffice as ItemName,Count(SendCheckOffice) as Num  From Tab_SampleInfo  Where RegistDate >= #2017-10-09 00:00:00# and RegistDate <= #2017-10-09 23:59:59#  Group By SendCheckOffice  】
【  2017-10-09 10:38:42  】【  Could not find file 'E:\生化上位机软件\尿仪\UrineAnalyzer\UrineAnalyzer\bin\Debug\Database.mdb'. : DB.Query执行错误 : Select SendCheckDoctor as ItemName,Count(SendCheckDoctor) as Num  From Tab_SampleInfo  Where RegistDate >= #2017-10-09 00:00:00# and RegistDate <= #2017-10-09 23:59:59#  Group By SendCheckDoctor  】
【  2017-10-09 10:38:42  】【  Could not find file 'E:\生化上位机软件\尿仪\UrineAnalyzer\UrineAnalyzer\bin\Debug\Database.mdb'. : DB.Query执行错误 : Select CheckDoctor as ItemName,Count(CheckDoctor) as Num  From Tab_SampleInfo  Where RegistDate >= #2017-10-09 00:00:00# and RegistDate <= #2017-10-09 23:59:59#  Group By CheckDoctor  】
【  2017-10-09 10:38:43  】【  Could not find file 'E:\生化上位机软件\尿仪\UrineAnalyzer\UrineAnalyzer\bin\Debug\Database.mdb'. : DB.Query执行错误 : Select SendCheckOffice as ItemName,Count(SendCheckOffice) as Num  From Tab_SampleInfo  Where RegistDate >= #2017-10-09 00:00:00# and RegistDate <= #2017-10-09 23:59:59#  Group By SendCheckOffice  】
【  2017-10-09 10:38:43  】【  Could not find file 'E:\生化上位机软件\尿仪\UrineAnalyzer\UrineAnalyzer\bin\Debug\Database.mdb'. : DB.Query执行错误 : Select SendCheckDoctor as ItemName,Count(SendCheckDoctor) as Num  From Tab_SampleInfo  Where RegistDate >= #2017-10-09 00:00:00# and RegistDate <= #2017-10-09 23:59:59#  Group By SendCheckDoctor  】
【  2017-10-09 10:38:43  】【  Could not find file 'E:\生化上位机软件\尿仪\UrineAnalyzer\UrineAnalyzer\bin\Debug\Database.mdb'. : DB.Query执行错误 : Select CheckDoctor as ItemName,Count(CheckDoctor) as Num  From Tab_SampleInfo  Where RegistDate >= #2017-10-09 00:00:00# and RegistDate <= #2017-10-09 23:59:59#  Group By CheckDoctor  】
【  2017-10-09 10:38:43  】【  Could not find file 'E:\生化上位机软件\尿仪\UrineAnalyzer\UrineAnalyzer\bin\Debug\Database.mdb'. : DB.Query执行错误 : Select SendCheckOffice as ItemName,Count(SendCheckOffice) as Num  From Tab_SampleInfo  Where RegistDate >= #2017-10-09 00:00:00# and RegistDate <= #2017-10-09 23:59:59#  Group By SendCheckOffice  】
【  2017-10-09 10:38:43  】【  Could not find file 'E:\生化上位机软件\尿仪\UrineAnalyzer\UrineAnalyzer\bin\Debug\Database.mdb'. : DB.Query执行错误 : Select SendCheckDoctor as ItemName,Count(SendCheckDoctor) as Num  From Tab_SampleInfo  Where RegistDate >= #2017-10-09 00:00:00# and RegistDate <= #2017-10-09 23:59:59#  Group By SendCheckDoctor  】
【  2017-10-09 10:38:43  】【  Could not find file 'E:\生化上位机软件\尿仪\UrineAnalyzer\UrineAnalyzer\bin\Debug\Database.mdb'. : DB.Query执行错误 : Select CheckDoctor as ItemName,Count(CheckDoctor) as Num  From Tab_SampleInfo  Where RegistDate >= #2017-10-09 00:00:00# and RegistDate <= #2017-10-09 23:59:59#  Group By CheckDoctor  】
【  2017-10-09 10:38:43  】【  Could not find file 'E:\生化上位机软件\尿仪\UrineAnalyzer\UrineAnalyzer\bin\Debug\Database.mdb'. : DB.Query执行错误 : Select * From Tab_OptionNames Where TypeID = 0  】
【  2017-10-09 10:38:44  】【  Could not find file 'E:\生化上位机软件\尿仪\UrineAnalyzer\UrineAnalyzer\bin\Debug\Database.mdb'. : DB.Query执行错误 : Select * From Tab_OptionNames Where TypeID = 1  】
【  2017-10-09 10:38:44  】【  Could not find file 'E:\生化上位机软件\尿仪\UrineAnalyzer\UrineAnalyzer\bin\Debug\Database.mdb'. : DB.Query执行错误 : Select * From Tab_OptionNames Where TypeID = 2  】
【  2017-10-09 10:38:44  】【  Could not find file 'E:\生化上位机软件\尿仪\UrineAnalyzer\UrineAnalyzer\bin\Debug\Database.mdb'. : DB.Query执行错误 : Select * From Tab_OptionNames Where TypeID = 3  】
【  2017-10-09 10:38:44  】【  Could not find file 'E:\生化上位机软件\尿仪\UrineAnalyzer\UrineAnalyzer\bin\Debug\Database.mdb'. : DB.Query执行错误 : Select * From Tab_OptionNames Where TypeID = 4  】
【  2017-10-09 10:38:44  】【  Could not find file 'E:\生化上位机软件\尿仪\UrineAnalyzer\UrineAnalyzer\bin\Debug\Database.mdb'. : DB.Query执行错误 : Select * From Tab_OptionNames Where TypeID = 5  】
【  2017-10-09 10:38:44  】【  Could not find file 'E:\生化上位机软件\尿仪\UrineAnalyzer\UrineAnalyzer\bin\Debug\Database.mdb'. : DB.Query执行错误 : Select * From Tab_OptionNames Where TypeID = 6  】
【  2017-10-09 10:38:44  】【  Could not find file 'E:\生化上位机软件\尿仪\UrineAnalyzer\UrineAnalyzer\bin\Debug\Database.mdb'. : DB.Query执行错误 : Select * From Tab_DefaultInput  】
【  2017-10-09 10:38:44  】【  Could not find file 'E:\生化上位机软件\尿仪\UrineAnalyzer\UrineAnalyzer\bin\Debug\Database.mdb'. : DB.Query执行错误 : Select * From Tab_DefaultInput Where TypeID = 0  】
【  2017-10-09 10:38:45  】【  Could not find file 'E:\生化上位机软件\尿仪\UrineAnalyzer\UrineAnalyzer\bin\Debug\Database.mdb'. : DB.Query执行错误 : Select * From Tab_DefaultInput Where TypeID = 1  】
【  2017-10-09 10:38:45  】【  Could not find file 'E:\生化上位机软件\尿仪\UrineAnalyzer\UrineAnalyzer\bin\Debug\Database.mdb'. : DB.Query执行错误 : Select * From Tab_DefaultInput Where TypeID = 2  】
【  2017-10-09 10:38:45  】【  Could not find file 'E:\生化上位机软件\尿仪\UrineAnalyzer\UrineAnalyzer\bin\Debug\Database.mdb'. : DB.Query执行错误 : Select * From Tab_DefaultInput Where TypeID = 3  】
【  2017-10-09 10:38:45  】【  Could not find file 'E:\生化上位机软件\尿仪\UrineAnalyzer\UrineAnalyzer\bin\Debug\Database.mdb'. : DB.Query执行错误 : Select * From Tab_DefaultInput Where TypeID = 4  】
【  2017-10-09 10:38:45  】【  Could not find file 'E:\生化上位机软件\尿仪\UrineAnalyzer\UrineAnalyzer\bin\Debug\Database.mdb'. : DB.Query执行错误 : Select * From Tab_DefaultInput Where TypeID = 5  】
【  2017-10-09 10:38:45  】【  Could not find file 'E:\生化上位机软件\尿仪\UrineAnalyzer\UrineAnalyzer\bin\Debug\Database.mdb'. : DB.Query执行错误 : Select * From Tab_DefaultInput Where TypeID = 6  】
【  2017-10-09 10:39:25  】【  Connection Thread ID 8 Count : 1  】
【  2017-10-09 10:42:18  】【  Connection Thread ID 10 Count : 1  】
【  2017-10-09 10:44:02  】【  Connection Thread ID 9 Count : 1  】
【  2017-10-09 10:44:03  】【  PortName 不能为空。
参数名: PortNameSerialPort.Open Error  】
【  2017-10-09 10:44:42  】【  Connection Thread ID 9 Count : 1  】
【  2017-10-09 10:44:42  】【  PortName 不能为空。
参数名: PortNameSerialPort.Open Error  】
【  2017-10-09 10:46:49  】【  Connection Thread ID 9 Count : 1  】
【  2017-10-09 10:46:50  】【  PortName 不能为空。
参数名: PortNameSerialPort.Open Error  】
【  2017-10-09 11:02:54  】【  Connection Thread ID 1 Count : 1  】
【  2017-10-09 11:02:58  】【  The table 'Tab_SampleInfo' is already opened exclusively by another user, or it is already open through the user interface and cannot be manipulated programmatically. : DB.Query执行错误 : SELECT * FROM Tab_SampleInfo Where RegistDate >= #2017-10-09 00:00:00# and RegistDate <= #2017-10-09 23:59:59# Order by SampleID  】
【  2017-10-09 11:03:02  】【  The table 'Tab_SampleInfo' is already opened exclusively by another user, or it is already open through the user interface and cannot be manipulated programmatically. : DB.Query执行错误 : SELECT * FROM Tab_SampleInfo Where RegistDate >= #2017-10-09 00:00:00# and RegistDate <= #2017-10-09 23:59:59# Order by SampleID  】
【  2017-10-09 11:03:06  】【  The table 'Tab_QCResult' is already opened exclusively by another user, or it is already open through the user interface and cannot be manipulated programmatically. : DB.Query执行错误 : Select * From Tab_QCResult Where Year(QCDate) = 2017 and Month(QCDate) = 10 and IsNeg = true Order by QCDate  】
【  2017-10-09 11:03:10  】【  The table 'Tab_SampleInfo' is already opened exclusively by another user, or it is already open through the user interface and cannot be manipulated programmatically. : DB.Query执行错误 : Select SendCheckOffice as ItemName,Count(SendCheckOffice) as Num  From Tab_SampleInfo  Where RegistDate >= #2017-10-09 00:00:00# and RegistDate <= #2017-10-09 23:59:59#  Group By SendCheckOffice  】
【  2017-10-09 11:03:14  】【  The table 'Tab_SampleInfo' is already opened exclusively by another user, or it is already open through the user interface and cannot be manipulated programmatically. : DB.Query执行错误 : Select SendCheckDoctor as ItemName,Count(SendCheckDoctor) as Num  From Tab_SampleInfo  Where RegistDate >= #2017-10-09 00:00:00# and RegistDate <= #2017-10-09 23:59:59#  Group By SendCheckDoctor  】
【  2017-10-09 11:03:18  】【  The table 'Tab_SampleInfo' is already opened exclusively by another user, or it is already open through the user interface and cannot be manipulated programmatically. : DB.Query执行错误 : Select CheckDoctor as ItemName,Count(CheckDoctor) as Num  From Tab_SampleInfo  Where RegistDate >= #2017-10-09 00:00:00# and RegistDate <= #2017-10-09 23:59:59#  Group By CheckDoctor  】
【  2017-10-09 11:03:22  】【  The table 'Tab_SampleInfo' is already opened exclusively by another user, or it is already open through the user interface and cannot be manipulated programmatically. : DB.Query执行错误 : Select SendCheckOffice as ItemName,Count(SendCheckOffice) as Num  From Tab_SampleInfo  Where RegistDate >= #2017-10-09 00:00:00# and RegistDate <= #2017-10-09 23:59:59#  Group By SendCheckOffice  】
【  2017-10-09 11:03:26  】【  The table 'Tab_SampleInfo' is already opened exclusively by another user, or it is already open through the user interface and cannot be manipulated programmatically. : DB.Query执行错误 : Select SendCheckDoctor as ItemName,Count(SendCheckDoctor) as Num  From Tab_SampleInfo  Where RegistDate >= #2017-10-09 00:00:00# and RegistDate <= #2017-10-09 23:59:59#  Group By SendCheckDoctor  】
【  2017-10-09 11:03:30  】【  The table 'Tab_SampleInfo' is already opened exclusively by another user, or it is already open through the user interface and cannot be manipulated programmatically. : DB.Query执行错误 : Select CheckDoctor as ItemName,Count(CheckDoctor) as Num  From Tab_SampleInfo  Where RegistDate >= #2017-10-09 00:00:00# and RegistDate <= #2017-10-09 23:59:59#  Group By CheckDoctor  】
【  2017-10-09 11:03:34  】【  The table 'Tab_SampleInfo' is already opened exclusively by another user, or it is already open through the user interface and cannot be manipulated programmatically. : DB.Query执行错误 : Select SendCheckOffice as ItemName,Count(SendCheckOffice) as Num  From Tab_SampleInfo  Where RegistDate >= #2017-10-09 00:00:00# and RegistDate <= #2017-10-09 23:59:59#  Group By SendCheckOffice  】
【  2017-10-09 11:03:37  】【  Connection Thread ID 1 Count : 1  】
【  2017-10-09 11:03:38  】【  The table 'Tab_SampleInfo' is already opened exclusively by another user, or it is already open through the user interface and cannot be manipulated programmatically. : DB.Query执行错误 : Select SendCheckDoctor as ItemName,Count(SendCheckDoctor) as Num  From Tab_SampleInfo  Where RegistDate >= #2017-10-09 00:00:00# and RegistDate <= #2017-10-09 23:59:59#  Group By SendCheckDoctor  】
【  2017-10-09 11:03:41  】【  The table 'Tab_SampleInfo' is already opened exclusively by another user, or it is already open through the user interface and cannot be manipulated programmatically. : DB.Query执行错误 : SELECT * FROM Tab_SampleInfo Where RegistDate >= #2017-10-09 00:00:00# and RegistDate <= #2017-10-09 23:59:59# Order by SampleID  】
【  2017-10-09 11:03:42  】【  The table 'Tab_SampleInfo' is already opened exclusively by another user, or it is already open through the user interface and cannot be manipulated programmatically. : DB.Query执行错误 : Select CheckDoctor as ItemName,Count(CheckDoctor) as Num  From Tab_SampleInfo  Where RegistDate >= #2017-10-09 00:00:00# and RegistDate <= #2017-10-09 23:59:59#  Group By CheckDoctor  】
【  2017-10-09 11:03:45  】【  The table 'Tab_SampleInfo' is already opened exclusively by another user, or it is already open through the user interface and cannot be manipulated programmatically. : DB.Query执行错误 : SELECT * FROM Tab_SampleInfo Where RegistDate >= #2017-10-09 00:00:00# and RegistDate <= #2017-10-09 23:59:59# Order by SampleID  】
【  2017-10-09 11:03:46  】【  PortName 不能为空。
参数名: PortNameSerialPort.Open Error  】
【  2017-10-09 11:03:46  】【  PortName 不能为空。
参数名: PortNameSerialPort.Open Error  】
