
【日志创建时间***********】【日志内容*****************************************************】

【  2019-05-15 15:29:45  】【  Connection Thread ID 10 Count : 1  】
【  2019/5/15 15:29:52  】【  接收一包数据:
$1#  】
【  2019/5/15 15:29:52  】【  接收一包数据:
$1#  】
【  2019/5/15 15:30:07  】【  接收一包数据:
$1#  】
【  2019/5/15 15:30:22  】【  接收一包数据:
$1#  】
【  2019/5/15 15:30:37  】【  接收一包数据:
$1#  】
【  2019/5/15 15:30:45  】【  接收一包数据:
00;2019-05-15 15:33:40;1020;0001,01,ACSW00001111,; ,UBG,Nomal 3.4 ,umol/L,0; ,BIL,Neg       ,      ,0; ,KET,Neg       ,      ,0;*,BLD,2+ Ca80   ,Ery/uL,3;*,PRO,Trace Trace  ,   ,1;*,NIT,Pos         ,    ,1;*,LEU,1+ Ca70   ,Leu/uL,2;*,GLU,1+ 5.6    ,mmol/L,1; ,SG,1.025           , ,5; ,PH,7.0             , ,3;*,VC,2.8        ,mmol/L,3; ,MALB,10         ,mg/L,0;  】
【  2019/5/15 15:30:45  】【  Connection Thread ID 23 Count : 2  】
【  2019/5/15 15:30:45  】【  字符串的语法错误 在查询表达式 '')' 中。 : DB.Execute执行错误 : Insert Into Tab_SampleInfo(SampleID,RegistDate,ImportDate,BarCode,CheckDate,PatientName,PatientAge,PatientAgeUnit,PatientSex,IsEmergency,IsTest,CaseNo,BedNo,PatientType,SendCheckDoctor,SendCheckOffice,SendCheckDate,SampleType,CheckDoctor,Auditor,Clinical,Remarks,IsPrint,IsAuditor,IsLis,ImageFile) values(1020,'2019-05-15 15:33:40','2019-05-15 15:33:40','','2019-05-15 15:30:45','',0,'','',0,1,'','','','','','2019-05-15 15:30:45','','','','','',0,0,0,')  】
【  2019/5/15 15:30:45  】【  接收一包数据:
$2#  】
【  2019/5/15 15:30:52  】【  接收一包数据:
$1#  】
【  2019/5/15 15:30:58  】【  接收一包数据:
00;2019-05-15 15:33:53;1021;0001,02,ACSW00001111,; ,UBG,Nomal 3.4 ,umol/L,0; ,BIL,Neg       ,      ,0; ,KET,Neg       ,      ,0;*,BLD,+- Ca10   ,Ery/uL,1; ,PRO,Neg          ,   ,0; ,NIT,Neg         ,    ,0;*,LEU,2+ Ca125  ,Leu/uL,3;*,GLU,1+ 5.6    ,mmol/L,1;*,SG,<=1.000         , ,0; ,PH,<=5.0           , ,0; ,VC,0          ,mmol/L,0; ,MALB,10         ,mg/L,0;  】
【  2019/5/15 15:30:58  】【  字符串的语法错误 在查询表达式 '')' 中。 : DB.Execute执行错误 : Insert Into Tab_SampleInfo(SampleID,RegistDate,ImportDate,BarCode,CheckDate,PatientName,PatientAge,PatientAgeUnit,PatientSex,IsEmergency,IsTest,CaseNo,BedNo,PatientType,SendCheckDoctor,SendCheckOffice,SendCheckDate,SampleType,CheckDoctor,Auditor,Clinical,Remarks,IsPrint,IsAuditor,IsLis,ImageFile) values(1021,'2019-05-15 15:33:53','2019-05-15 15:33:53','','2019-05-15 15:30:58','',0,'','',0,1,'','','','','','2019-05-15 15:30:58','','','','','',0,0,0,')  】
【  2019/5/15 15:30:58  】【  接收一包数据:
$2#  】
【  2019/5/15 15:31:07  】【  接收一包数据:
$1#  】
【  2019/5/15 15:31:10  】【  接收一包数据:
00;2019-05-15 15:34:05;1022;0001,03,ACSW00001111,; ,UBG,Nomal 3.4 ,umol/L,0; ,BIL,Neg       ,      ,0;*,KET,+- 0.5    ,mmol/L,1;*,BLD,2+ Ca80   ,Ery/uL,3;*,PRO,Trace Trace  ,   ,1;*,NIT,Pos         ,    ,1;*,LEU,1+ Ca70   ,Leu/uL,2; ,GLU,Neg       ,      ,0; ,SG,1.020           , ,4; ,PH,7.0             , ,3;*,VC,>=5.7      ,mmol/L,4; ,MALB,10         ,mg/L,0;  】
【  2019/5/15 15:31:10  】【  字符串的语法错误 在查询表达式 '')' 中。 : DB.Execute执行错误 : Insert Into Tab_SampleInfo(SampleID,RegistDate,ImportDate,BarCode,CheckDate,PatientName,PatientAge,PatientAgeUnit,PatientSex,IsEmergency,IsTest,CaseNo,BedNo,PatientType,SendCheckDoctor,SendCheckOffice,SendCheckDate,SampleType,CheckDoctor,Auditor,Clinical,Remarks,IsPrint,IsAuditor,IsLis,ImageFile) values(1022,'2019-05-15 15:34:05','2019-05-15 15:34:05','','2019-05-15 15:31:10','',0,'','',0,1,'','','','','','2019-05-15 15:31:10','','','','','',0,0,0,')  】
【  2019/5/15 15:31:11  】【  接收一包数据:
$2#  】
【  2019-05-15 15:32:15  】【  Connection Thread ID 9 Count : 1  】
【  2019/5/15 15:32:22  】【  接收一包数据:
$1#  】
【  2019/5/15 15:32:22  】【  接收一包数据:
$1#  】
【  2019/5/15 15:32:38  】【  接收一包数据:
$1#  】
【  2019/5/15 15:32:53  】【  接收一包数据:
$1#  】
【  2019/5/15 15:33:08  】【  接收一包数据:
$1#  】
【  2019/5/15 15:33:23  】【  接收一包数据:
$1#  】
【  2019/5/15 15:33:23  】【  接收一包数据:
00;2019-05-15 15:36:19;1026;0001,01,ACSW00000032,; ,UBG,Nomal 3.4 ,umol/L,0; ,BIL,Neg       ,      ,0; ,KET,Neg       ,      ,0;*,BLD,3+ >=Ca200,Ery/uL,4; ,PRO,Neg          ,   ,0; ,NIT,Neg         ,    ,0;*,LEU,2+ Ca125  ,Leu/uL,3;*,GLU,1+ 5.6    ,mmol/L,1; ,SG,1.020           , ,4; ,PH,7.0             , ,3;*,VC,>=5.7      ,mmol/L,4; ,MALB,10         ,mg/L,0;  】
【  2019/5/15 15:33:23  】【  Connection Thread ID 24 Count : 2  】
【  2019/5/15 15:33:23  】【  字符串的语法错误 在查询表达式 '')' 中。 : DB.Execute执行错误 : Insert Into Tab_SampleInfo(SampleID,RegistDate,ImportDate,BarCode,CheckDate,PatientName,PatientAge,PatientAgeUnit,PatientSex,IsEmergency,IsTest,CaseNo,BedNo,PatientType,SendCheckDoctor,SendCheckOffice,SendCheckDate,SampleType,CheckDoctor,Auditor,Clinical,Remarks,IsPrint,IsAuditor,IsLis,ImageFile) values(1026,'2019-05-15 15:36:19','2019-05-15 15:36:19','','2019-05-15 15:33:23','',0,'','',0,1,'','','','','','2019-05-15 15:33:23','','','','','',0,0,0,')  】
【  2019/5/15 15:33:24  】【  接收一包数据:
$2#  】
【  2019/5/15 15:33:36  】【  接收一包数据:
00;2019-05-15 15:36:31;1027;0001,02,ACSW00000032,; ,UBG,Nomal 3.4 ,umol/L,0; ,BIL,Neg       ,      ,0;*,KET,+- 0.5    ,mmol/L,1;*,BLD,+- Ca10   ,Ery/uL,1;*,PRO,Trace Trace  ,   ,1;*,NIT,Pos         ,    ,1;*,LEU,3+ >=Ca500,Leu/uL,4; ,GLU,Neg       ,      ,0;*,SG,<=1.000         , ,0; ,PH,8.0             , ,5;*,VC,2.8        ,mmol/L,3; ,MALB,10         ,mg/L,0;  】
【  2019/5/15 15:33:37  】【  接收一包数据:
$2#  】
【  2019/5/15 15:33:38  】【  接收一包数据:
$1#  】
【  2019/5/15 15:33:43  】【  接收一包数据:
$1#  】
【  2019/5/15 15:33:49  】【  接收一包数据:
00;2019-05-15 15:36:44;1028;0001,03,ACSW00000032,; ,UBG,Nomal 3.4 ,umol/L,0; ,BIL,Neg       ,      ,0; ,KET,Neg       ,      ,0;*,BLD,2+ Ca80   ,Ery/uL,3;*,PRO,Trace Trace  ,   ,1;*,NIT,Pos         ,    ,1;*,LEU,1+ Ca70   ,Leu/uL,2;*,GLU,1+ 5.6    ,mmol/L,1;*,SG,1.010           , ,2; ,PH,7.0             , ,3;*,VC,1.4        ,mmol/L,2; ,MALB,10         ,mg/L,0;  】
【  2019/5/15 15:33:49  】【  接收一包数据:
$2#  】
【  2019/5/15 15:33:53  】【  接收一包数据:
$1#  】
【  2019/5/15 15:34:03  】【  接收一包数据:
$1#  】
【  2019/5/15 15:34:08  】【  接收一包数据:
$1#  】
【  2019/5/15 15:34:14  】【  接收一包数据:
00;2019-05-15 15:37:09;1029;0001,04,ACSW00000032,; ,UBG,Nomal 3.4 ,umol/L,0; ,BIL,Neg       ,      ,0; ,KET,Neg       ,      ,0;*,BLD,1+ Ca25   ,Ery/uL,2;*,PRO,Trace Trace  ,   ,1; ,NIT,Neg         ,    ,0;*,LEU,+- Ca15   ,Leu/uL,1;*,GLU,1+ 5.6    ,mmol/L,1; ,SG,1.025           , ,5; ,PH,7.0             , ,3;*,VC,2.8        ,mmol/L,3; ,MALB,10         ,mg/L,0;  】
【  2019/5/15 15:34:14  】【  接收一包数据:
$2#  】
【  2019/5/15 15:34:23  】【  接收一包数据:
$1#  】
【  2019/5/15 15:34:23  】【  接收一包数据:
$1#  】
【  2019/5/15 15:34:26  】【  接收一包数据:
00;2019-05-15 15:37:22;1030;0001,05,ACSW00000032,; ,UBG,Nomal 3.4 ,umol/L,0; ,BIL,Neg       ,      ,0;*,KET,+- 0.5    ,mmol/L,1;*,BLD,3+ >=Ca200,Ery/uL,4;*,PRO,Trace Trace  ,   ,1;*,NIT,Pos         ,    ,1;*,LEU,3+ >=Ca500,Leu/uL,4;*,GLU,2+ 14     ,mmol/L,2; ,SG,1.015           , ,3; ,PH,7.0             , ,3;*,VC,>=5.7      ,mmol/L,4; ,MALB,10         ,mg/L,0;  】
【  2019/5/15 15:34:27  】【  接收一包数据:
$2#  】
【  2019/5/15 15:34:38  】【  接收一包数据:
$1#  】
【  2019/5/15 15:34:39  】【  接收一包数据:
00;2019-05-15 15:37:34;1031;0001,06,ACSW00000032,; ,UBG,Nomal 3.4 ,umol/L,0; ,BIL,Neg       ,      ,0;*,KET,3+ >=7.8  ,mmol/L,4;*,BLD,2+ Ca80   ,Ery/uL,3;*,PRO,Trace Trace  ,   ,1;*,NIT,Pos         ,    ,1;*,LEU,3+ >=Ca500,Leu/uL,4; ,GLU,Neg       ,      ,0;*,SG,<=1.000         , ,0; ,PH,7.0             , ,3;*,VC,0.6        ,mmol/L,1; ,MALB,10         ,mg/L,0;  】
【  2019/5/15 15:34:40  】【  接收一包数据:
$2#  】
【  2019/5/15 15:34:43  】【  接收一包数据:
$1#  】
【  2019/5/15 15:34:53  】【  接收一包数据:
$1#  】
【  2019/5/15 15:35:03  】【  接收一包数据:
$1#  】
【  2019-05-15 15:35:47  】【  Connection Thread ID 8 Count : 1  】
【  2019/5/15 15:35:54  】【  接收一包数据:
$1#  】
【  2019/5/15 15:36:08  】【  接收一包数据:
$1#  】
【  2019/5/15 15:36:23  】【  接收一包数据:
$1#  】
【  2019/5/15 15:36:38  】【  接收一包数据:
$1#  】
【  2019/5/15 15:36:53  】【  接收一包数据:
$1#  】
【  2019/5/15 15:37:02  】【  接收一包数据:
00;2019-05-15 15:39:57;1033;0001,01,,; ,UBG,Nomal 3.4 ,umol/L,0; ,BIL,Neg       ,      ,0;*,KET,3+ >=7.8  ,mmol/L,4;*,BLD,2+ Ca80   ,Ery/uL,3;*,PRO,Trace Trace  ,   ,1;*,NIT,Pos         ,    ,1;*,LEU,1+ Ca70   ,Leu/uL,2; ,GLU,Neg       ,      ,0; ,SG,1.025           , ,5; ,PH,7.0             , ,3;*,VC,>=5.7      ,mmol/L,4; ,MALB,10         ,mg/L,0;  】
【  2019/5/15 15:37:02  】【  Connection Thread ID 23 Count : 2  】
【  2019/5/15 15:37:02  】【  字符串的语法错误 在查询表达式 '')' 中。 : DB.Execute执行错误 : Insert Into Tab_SampleInfo(SampleID,RegistDate,ImportDate,BarCode,CheckDate,PatientName,PatientAge,PatientAgeUnit,PatientSex,IsEmergency,IsTest,CaseNo,BedNo,PatientType,SendCheckDoctor,SendCheckOffice,SendCheckDate,SampleType,CheckDoctor,Auditor,Clinical,Remarks,IsPrint,IsAuditor,IsLis,ImageFile) values(1033,'2019-05-15 15:39:57','2019-05-15 15:39:57','','2019-05-15 15:37:02','',0,'','',0,1,'','','','','','2019-05-15 15:37:02','','','','','',0,0,0,')  】
【  2019/5/15 15:37:03  】【  接收一包数据:
$2#  】
【  2019/5/15 15:37:10  】【  接收一包数据:
$1#  】
【  2019-05-15 15:38:40  】【  Connection Thread ID 9 Count : 1  】
【  2019/5/15 15:38:49  】【  接收一包数据:
$1#  】
【  2019/5/15 15:38:53  】【  接收一包数据:
$1#  】
【  2019/5/15 15:39:08  】【  接收一包数据:
$1#  】
【  2019/5/15 15:39:23  】【  接收一包数据:
$1#  】
【  2019/5/15 15:39:38  】【  接收一包数据:
$1#  】
【  2019/5/15 15:39:53  】【  接收一包数据:
$1#  】
【  2019/5/15 15:40:03  】【  接收一包数据:
00;2019-05-15 15:42:58;1040;0001,01,ACSW00000018,; ,UBG,Nomal 3.4 ,umol/L,0;*,BIL,1+ 17     ,umol/L,1; ,KET,Neg       ,      ,0;*,BLD,1+ Ca25   ,Ery/uL,2;*,PRO,Trace Trace  ,   ,1; ,NIT,Neg         ,    ,0;*,LEU,+- Ca15   ,Leu/uL,1;*,GLU,1+ 5.6    ,mmol/L,1;*,SG,1.005           , ,1; ,PH,7.0             , ,3;*,VC,0.6        ,mmol/L,1; ,MALB,10         ,mg/L,0;  】
【  2019/5/15 15:40:03  】【  Connection Thread ID 24 Count : 2  】
【  2019/5/15 15:40:03  】【  字符串的语法错误 在查询表达式 '')' 中。 : DB.Execute执行错误 : Insert Into Tab_SampleInfo(SampleID,RegistDate,ImportDate,BarCode,CheckDate,PatientName,PatientAge,PatientAgeUnit,PatientSex,IsEmergency,IsTest,CaseNo,BedNo,PatientType,SendCheckDoctor,SendCheckOffice,SendCheckDate,SampleType,CheckDoctor,Auditor,Clinical,Remarks,IsPrint,IsAuditor,IsLis,ImageFile) values(1040,'2019-05-15 15:42:58','2019-05-15 15:42:58','','2019-05-15 15:40:03','',0,'','',0,1,'','','','','','2019-05-15 15:40:03','','','','','',0,0,0,')  】
【  2019/5/15 15:40:03  】【  接收一包数据:
$2#  】
【  2019/5/15 15:40:08  】【  接收一包数据:
$1#  】
【  2019/5/15 15:40:15  】【  接收一包数据:
00;2019-05-15 15:43:10;1041;0001,02,ACSW00000018,; ,UBG,Nomal 3.4 ,umol/L,0;*,BIL,1+ 17     ,umol/L,1; ,KET,Neg       ,      ,0;*,BLD,2+ Ca80   ,Ery/uL,3; ,PRO,Neg          ,   ,0;*,NIT,Pos         ,    ,1;*,LEU,1+ Ca70   ,Leu/uL,2;*,GLU,1+ 5.6    ,mmol/L,1; ,SG,1.020           , ,4; ,PH,6.5             , ,2;*,VC,0.6        ,mmol/L,1; ,MALB,10         ,mg/L,0;  】
【  2019/5/15 15:40:15  】【  字符串的语法错误 在查询表达式 '')' 中。 : DB.Execute执行错误 : Insert Into Tab_SampleInfo(SampleID,RegistDate,ImportDate,BarCode,CheckDate,PatientName,PatientAge,PatientAgeUnit,PatientSex,IsEmergency,IsTest,CaseNo,BedNo,PatientType,SendCheckDoctor,SendCheckOffice,SendCheckDate,SampleType,CheckDoctor,Auditor,Clinical,Remarks,IsPrint,IsAuditor,IsLis,ImageFile) values(1041,'2019-05-15 15:43:10','2019-05-15 15:43:10','','2019-05-15 15:40:15','',0,'','',0,1,'','','','','','2019-05-15 15:40:15','','','','','',0,0,0,')  】
【  2019/5/15 15:40:16  】【  接收一包数据:
$2#  】
【  2019/5/15 15:40:23  】【  接收一包数据:
$1#  】
【  2019/5/15 15:40:28  】【  接收一包数据:
00;2019-05-15 15:43:23;1042;0001,03,ACSW00000018,; ,UBG,Nomal 3.4 ,umol/L,0; ,BIL,Neg       ,      ,0; ,KET,Neg       ,      ,0;*,BLD,2+ Ca80   ,Ery/uL,3; ,PRO,Neg          ,   ,0; ,NIT,Neg         ,    ,0;*,LEU,2+ Ca125  ,Leu/uL,3;*,GLU,1+ 5.6    ,mmol/L,1; ,SG,1.020           , ,4; ,PH,7.0             , ,3;*,VC,1.4        ,mmol/L,2; ,MALB,10         ,mg/L,0;  】
【  2019/5/15 15:40:28  】【  字符串的语法错误 在查询表达式 '')' 中。 : DB.Execute执行错误 : Insert Into Tab_SampleInfo(SampleID,RegistDate,ImportDate,BarCode,CheckDate,PatientName,PatientAge,PatientAgeUnit,PatientSex,IsEmergency,IsTest,CaseNo,BedNo,PatientType,SendCheckDoctor,SendCheckOffice,SendCheckDate,SampleType,CheckDoctor,Auditor,Clinical,Remarks,IsPrint,IsAuditor,IsLis,ImageFile) values(1042,'2019-05-15 15:43:23','2019-05-15 15:43:23','','2019-05-15 15:40:28','',0,'','',0,1,'','','','','','2019-05-15 15:40:28','','','','','',0,0,0,')  】
【  2019/5/15 15:40:28  】【  接收一包数据:
$2#  】
【  2019/5/15 15:40:38  】【  接收一包数据:
$1#  】
【  2019/5/15 15:40:40  】【  接收一包数据:
00;2019-05-15 15:43:36;1043;0001,04,ACSW00000018,; ,UBG,Nomal 3.4 ,umol/L,0; ,BIL,Neg       ,      ,0; ,KET,Neg       ,      ,0;*,BLD,1+ Ca25   ,Ery/uL,2; ,PRO,Neg          ,   ,0;*,NIT,Pos         ,    ,1;*,LEU,3+ >=Ca500,Leu/uL,4;*,GLU,1+ 5.6    ,mmol/L,1; ,SG,1.020           , ,4; ,PH,7.0             , ,3;*,VC,1.4        ,mmol/L,2; ,MALB,10         ,mg/L,0;  】
【  2019/5/15 15:40:41  】【  字符串的语法错误 在查询表达式 '')' 中。 : DB.Execute执行错误 : Insert Into Tab_SampleInfo(SampleID,RegistDate,ImportDate,BarCode,CheckDate,PatientName,PatientAge,PatientAgeUnit,PatientSex,IsEmergency,IsTest,CaseNo,BedNo,PatientType,SendCheckDoctor,SendCheckOffice,SendCheckDate,SampleType,CheckDoctor,Auditor,Clinical,Remarks,IsPrint,IsAuditor,IsLis,ImageFile) values(1043,'2019-05-15 15:43:36','2019-05-15 15:43:36','','2019-05-15 15:40:40','',0,'','',0,1,'','','','','','2019-05-15 15:40:40','','','','','',0,0,0,')  】
【  2019/5/15 15:40:41  】【  接收一包数据:
$2#  】
【  2019/5/15 15:40:53  】【  接收一包数据:
$1#  】
【  2019/5/15 15:40:53  】【  接收一包数据:
00;2019-05-15 15:43:48;1044;0001,05,ACSW00000018,; ,UBG,Nomal 3.4 ,umol/L,0; ,BIL,Neg       ,      ,0;*,KET,3+ >=7.8  ,mmol/L,4;*,BLD,3+ >=Ca200,Ery/uL,4; ,PRO,Neg          ,   ,0;*,NIT,Pos         ,    ,1;*,LEU,3+ >=Ca500,Leu/uL,4;*,GLU,2+ 14     ,mmol/L,2;*,SG,1.010           , ,2; ,PH,7.0             , ,3;*,VC,>=5.7      ,mmol/L,4; ,MALB,10         ,mg/L,0;  】
【  2019/5/15 15:40:53  】【  字符串的语法错误 在查询表达式 '')' 中。 : DB.Execute执行错误 : Insert Into Tab_SampleInfo(SampleID,RegistDate,ImportDate,BarCode,CheckDate,PatientName,PatientAge,PatientAgeUnit,PatientSex,IsEmergency,IsTest,CaseNo,BedNo,PatientType,SendCheckDoctor,SendCheckOffice,SendCheckDate,SampleType,CheckDoctor,Auditor,Clinical,Remarks,IsPrint,IsAuditor,IsLis,ImageFile) values(1044,'2019-05-15 15:43:48','2019-05-15 15:43:48','','2019-05-15 15:40:53','',0,'','',0,1,'','','','','','2019-05-15 15:40:53','','','','','',0,0,0,')  】
【  2019/5/15 15:40:54  】【  接收一包数据:
$2#  】
【  2019/5/15 15:41:06  】【  接收一包数据:
00;2019-05-15 15:44:01;1045;0001,06,ACSW00000018,; ,UBG,Nomal 3.4 ,umol/L,0; ,BIL,Neg       ,      ,0; ,KET,Neg       ,      ,0;*,BLD,3+ >=Ca200,Ery/uL,4; ,PRO,Neg          ,   ,0;*,NIT,Pos         ,    ,1;*,LEU,2+ Ca125  ,Leu/uL,3;*,GLU,1+ 5.6    ,mmol/L,1;*,SG,1.005           , ,1; ,PH,6.5             , ,2;*,VC,0.6        ,mmol/L,1; ,MALB,10         ,mg/L,0;  】
【  2019/5/15 15:41:06  】【  字符串的语法错误 在查询表达式 '')' 中。 : DB.Execute执行错误 : Insert Into Tab_SampleInfo(SampleID,RegistDate,ImportDate,BarCode,CheckDate,PatientName,PatientAge,PatientAgeUnit,PatientSex,IsEmergency,IsTest,CaseNo,BedNo,PatientType,SendCheckDoctor,SendCheckOffice,SendCheckDate,SampleType,CheckDoctor,Auditor,Clinical,Remarks,IsPrint,IsAuditor,IsLis,ImageFile) values(1045,'2019-05-15 15:44:01','2019-05-15 15:44:01','','2019-05-15 15:41:06','',0,'','',0,1,'','','','','','2019-05-15 15:41:06','','','','','',0,0,0,')  】
【  2019/5/15 15:41:06  】【  接收一包数据:
$2#  】
【  2019/5/15 15:41:08  】【  接收一包数据:
$1#  】
【  2019/5/15 15:41:18  】【  接收一包数据:
00;2019-05-15 15:44:13;1046;0001,07,ACSW00000018,; ,UBG,Nomal 3.4 ,umol/L,0; ,BIL,Neg       ,      ,0; ,KET,Neg       ,      ,0;*,BLD,3+ >=Ca200,Ery/uL,4;*,PRO,1+ 0.3       ,g/L,2;*,NIT,Pos         ,    ,1;*,LEU,2+ Ca125  ,Leu/uL,3; ,GLU,Neg       ,      ,0; ,SG,1.025           , ,5; ,PH,6.0             , ,1;*,VC,>=5.7      ,mmol/L,4; ,MALB,10         ,mg/L,0;  】
【  2019/5/15 15:41:18  】【  字符串的语法错误 在查询表达式 '')' 中。 : DB.Execute执行错误 : Insert Into Tab_SampleInfo(SampleID,RegistDate,ImportDate,BarCode,CheckDate,PatientName,PatientAge,PatientAgeUnit,PatientSex,IsEmergency,IsTest,CaseNo,BedNo,PatientType,SendCheckDoctor,SendCheckOffice,SendCheckDate,SampleType,CheckDoctor,Auditor,Clinical,Remarks,IsPrint,IsAuditor,IsLis,ImageFile) values(1046,'2019-05-15 15:44:13','2019-05-15 15:44:13','','2019-05-15 15:41:18','',0,'','',0,1,'','','','','','2019-05-15 15:41:18','','','','','',0,0,0,')  】
【  2019/5/15 15:41:19  】【  接收一包数据:
$2#  】
【  2019-05-15 15:43:56  】【  Connection Thread ID 9 Count : 1  】
【  2019/5/15 15:44:03  】【  接收一包数据:
$1#  】
【  2019/5/15 15:44:08  】【  接收一包数据:
$1#  】
【  2019/5/15 15:44:23  】【  接收一包数据:
$1#  】
【  2019/5/15 15:44:38  】【  接收一包数据:
$1#  】
【  2019/5/15 15:44:53  】【  接收一包数据:
$1#  】
【  2019/5/15 15:45:08  】【  接收一包数据:
$1#  】
【  2019/5/15 15:45:17  】【  接收一包数据:
00;2019-05-15 15:48:12;1049;0001,01,ACSW00000032,; ,UBG,Nomal 3.4 ,umol/L,0; ,BIL,Neg       ,      ,0; ,KET,Neg       ,      ,0;*,BLD,1+ Ca25   ,Ery/uL,2; ,PRO,Neg          ,   ,0;*,NIT,Pos         ,    ,1;*,LEU,2+ Ca125  ,Leu/uL,3;*,GLU,3+ 28     ,mmol/L,3;*,SG,<=1.000         , ,0; ,PH,<=5.0           , ,0; ,VC,0          ,mmol/L,0; ,MALB,10         ,mg/L,0;  】
【  2019/5/15 15:45:17  】【  Connection Thread ID 24 Count : 2  】
【  2019/5/15 15:45:18  】【  接收一包数据:
$2#  】
【  2019/5/15 15:45:23  】【  接收一包数据:
$1#  】
【  2019/5/15 15:45:30  】【  接收一包数据:
00;2019-05-15 15:48:25;1050;0001,02,ACSW00000032,; ,UBG,Nomal 3.4 ,umol/L,0; ,BIL,Neg       ,      ,0; ,KET,Neg       ,      ,0;*,BLD,2+ Ca80   ,Ery/uL,3;*,PRO,Trace Trace  ,   ,1; ,NIT,Neg         ,    ,0; ,LEU,Neg       ,      ,0;*,GLU,1+ 5.6    ,mmol/L,1;*,SG,>=1.030         , ,6; ,PH,7.0             , ,3;*,VC,>=5.7      ,mmol/L,4; ,MALB,10         ,mg/L,0;  】
【  2019/5/15 15:45:30  】【  接收一包数据:
$2#  】
【  2019/5/15 15:45:38  】【  接收一包数据:
$1#  】
【  2019/5/15 15:45:42  】【  接收一包数据:
00;2019-05-15 15:48:37;1051;0001,03,ACSW00000032,; ,UBG,Nomal 3.4 ,umol/L,0; ,BIL,Neg       ,      ,0; ,KET,Neg       ,      ,0;*,BLD,3+ >=Ca200,Ery/uL,4; ,PRO,Neg          ,   ,0;*,NIT,Pos         ,    ,1;*,LEU,3+ >=Ca500,Leu/uL,4;*,GLU,1+ 5.6    ,mmol/L,1;*,SG,>=1.030         , ,6; ,PH,6.5             , ,2;*,VC,>=5.7      ,mmol/L,4; ,MALB,10         ,mg/L,0;  】
【  2019/5/15 15:45:43  】【  接收一包数据:
$2#  】
【  2019/5/15 15:45:53  】【  接收一包数据:
$1#  】
【  2019/5/15 15:45:55  】【  接收一包数据:
00;2019-05-15 15:48:50;1052;0001,04,ACSW00000032,; ,UBG,Nomal 3.4 ,umol/L,0; ,BIL,Neg       ,      ,0; ,KET,Neg       ,      ,0;*,BLD,1+ Ca25   ,Ery/uL,2; ,PRO,Neg          ,   ,0;*,NIT,Pos         ,    ,1;*,LEU,3+ >=Ca500,Leu/uL,4;*,GLU,1+ 5.6    ,mmol/L,1;*,SG,<=1.000         , ,0; ,PH,<=5.0           , ,0; ,VC,0          ,mmol/L,0; ,MALB,10         ,mg/L,0;  】
【  2019/5/15 15:45:55  】【  接收一包数据:
$2#  】
【  2019/5/15 15:46:07  】【  接收一包数据:
00;2019-05-15 15:49:03;1053;0001,05,ACSW00000032,; ,UBG,Nomal 3.4 ,umol/L,0; ,BIL,Neg       ,      ,0; ,KET,Neg       ,      ,0;*,BLD,1+ Ca25   ,Ery/uL,2; ,PRO,Neg          ,   ,0;*,NIT,Pos         ,    ,1;*,LEU,2+ Ca125  ,Leu/uL,3;*,GLU,1+ 5.6    ,mmol/L,1; ,SG,1.025           , ,5; ,PH,6.5             , ,2;*,VC,1.4        ,mmol/L,2; ,MALB,10         ,mg/L,0;  】
【  2019/5/15 15:46:08  】【  接收一包数据:
$2#  】
【  2019/5/15 15:46:08  】【  接收一包数据:
$1#  】
【  2019/5/15 15:46:20  】【  接收一包数据:
00;2019-05-15 15:49:15;1054;0001,06,ACSW00000032,; ,UBG,Nomal 3.4 ,umol/L,0; ,BIL,Neg       ,      ,0; ,KET,Neg       ,      ,0;*,BLD,1+ Ca25   ,Ery/uL,2;*,PRO,Trace Trace  ,   ,1;*,NIT,Pos         ,    ,1;*,LEU,2+ Ca125  ,Leu/uL,3; ,GLU,Neg       ,      ,0;*,SG,1.005           , ,1; ,PH,7.0             , ,3;*,VC,>=5.7      ,mmol/L,4; ,MALB,10         ,mg/L,0;  】
【  2019/5/15 15:46:21  】【  接收一包数据:
$2#  】
【  2019/5/15 15:46:23  】【  接收一包数据:
$1#  】
【  2019/5/15 15:46:33  】【  接收一包数据:
00;2019-05-15 15:49:28;1055;0001,07,ACSW00000032,; ,UBG,Nomal 3.4 ,umol/L,0; ,BIL,Neg       ,      ,0; ,KET,Neg       ,      ,0;*,BLD,2+ Ca80   ,Ery/uL,3; ,PRO,Neg          ,   ,0;*,NIT,Pos         ,    ,1;*,LEU,2+ Ca125  ,Leu/uL,3;*,GLU,2+ 14     ,mmol/L,2;*,SG,>=1.030         , ,6; ,PH,6.5             , ,2;*,VC,1.4        ,mmol/L,2; ,MALB,10         ,mg/L,0;  】
【  2019/5/15 15:46:33  】【  接收一包数据:
$2#  】
【  2019/5/15 15:46:38  】【  接收一包数据:
$1#  】
【  2019/5/15 15:46:45  】【  接收一包数据:
00;2019-05-15 15:49:41;1056;0001,08,ACSW00000032,; ,UBG,Nomal 3.4 ,umol/L,0; ,BIL,Neg       ,      ,0; ,KET,Neg       ,      ,0;*,BLD,1+ Ca25   ,Ery/uL,2;*,PRO,Trace Trace  ,   ,1; ,NIT,Neg         ,    ,0;*,LEU,1+ Ca70   ,Leu/uL,2; ,GLU,Neg       ,      ,0;*,SG,1.010           , ,2; ,PH,7.0             , ,3;*,VC,1.4        ,mmol/L,2; ,MALB,10         ,mg/L,0;  】
【  2019/5/15 15:46:46  】【  接收一包数据:
$2#  】
【  2019/5/15 15:46:53  】【  接收一包数据:
$1#  】
【  2019/5/15 15:46:58  】【  接收一包数据:
00;2019-05-15 15:49:53;1057;0001,09,ACSW00000032,; ,UBG,Nomal 3.4 ,umol/L,0; ,BIL,Neg       ,      ,0;*,KET,3+ >=7.8  ,mmol/L,4;*,BLD,2+ Ca80   ,Ery/uL,3;*,PRO,Trace Trace  ,   ,1;*,NIT,Pos         ,    ,1;*,LEU,2+ Ca125  ,Leu/uL,3; ,GLU,Neg       ,      ,0;*,SG,1.010           , ,2; ,PH,7.0             , ,3;*,VC,>=5.7      ,mmol/L,4; ,MALB,10         ,mg/L,0;  】
【  2019/5/15 15:46:58  】【  接收一包数据:
$2#  】
【  2019/5/15 15:47:08  】【  接收一包数据:
$1#  】
【  2019/5/15 15:47:10  】【  接收一包数据:
00;2019-05-15 15:50:06;1058;0001,0:,ACSW00000032,; ,UBG,Nomal 3.4 ,umol/L,0; ,BIL,Neg       ,      ,0; ,KET,Neg       ,      ,0;*,BLD,3+ >=Ca200,Ery/uL,4; ,PRO,Neg          ,   ,0;*,NIT,Pos         ,    ,1;*,LEU,1+ Ca70   ,Leu/uL,2;*,GLU,2+ 14     ,mmol/L,2;*,SG,1.005           , ,1; ,PH,7.5             , ,4;*,VC,>=5.7      ,mmol/L,4; ,MALB,10         ,mg/L,0;  】
【  2019/5/15 15:47:11  】【  接收一包数据:
$2#  】
【  2019/5/15 15:47:23  】【  接收一包数据:
$1#  】
【  2019/5/15 15:47:36  】【  接收一包数据:
00;2019-05-15 15:50:31;1059;0002,01,ACSW00001111,; ,UBG,Nomal 3.4 ,umol/L,0; ,BIL,Neg       ,      ,0; ,KET,Neg       ,      ,0;*,BLD,+- Ca10   ,Ery/uL,1;*,PRO,Trace Trace  ,   ,1;*,NIT,Pos         ,    ,1;*,LEU,2+ Ca125  ,Leu/uL,3; ,GLU,Neg       ,      ,0;*,SG,1.005           , ,1; ,PH,7.5             , ,4;*,VC,1.4        ,mmol/L,2; ,MALB,10         ,mg/L,0;  】
【  2019/5/15 15:47:36  】【  接收一包数据:
$2#  】
【  2019/5/15 15:47:38  】【  接收一包数据:
$1#  】
【  2019/5/15 15:47:48  】【  接收一包数据:
00;2019-05-15 15:50:43;1060;0002,02,ACSW00001111,; ,UBG,Nomal 3.4 ,umol/L,0; ,BIL,Neg       ,      ,0;*,KET,+- 0.5    ,mmol/L,1;*,BLD,1+ Ca25   ,Ery/uL,2;*,PRO,1+ 0.3       ,g/L,2;*,NIT,Pos         ,    ,1;*,LEU,1+ Ca70   ,Leu/uL,2; ,GLU,Neg       ,      ,0;*,SG,<=1.000         , ,0; ,PH,7.5             , ,4;*,VC,>=5.7      ,mmol/L,4; ,MALB,10         ,mg/L,0;  】
【  2019/5/15 15:47:49  】【  接收一包数据:
$2#  】
【  2019/5/15 15:47:53  】【  接收一包数据:
$1#  】
【  2019/5/15 15:48:01  】【  接收一包数据:
00;2019-05-15 15:50:56;1061;0002,03,ACSW00001111,; ,UBG,Nomal 3.4 ,umol/L,0; ,BIL,Neg       ,      ,0; ,KET,Neg       ,      ,0;*,BLD,1+ Ca25   ,Ery/uL,2; ,PRO,Neg          ,   ,0;*,NIT,Pos         ,    ,1;*,LEU,3+ >=Ca500,Leu/uL,4;*,GLU,2+ 14     ,mmol/L,2;*,SG,1.010           , ,2; ,PH,6.5             , ,2;*,VC,0.6        ,mmol/L,1; ,MALB,10         ,mg/L,0;  】
【  2019/5/15 15:48:01  】【  接收一包数据:
$2#  】
【  2019/5/15 15:48:08  】【  接收一包数据:
$1#  】
【  2019/5/15 15:48:13  】【  接收一包数据:
00;2019-05-15 15:51:09;1062;0002,04,ACSW00001111,; ,UBG,Nomal 3.4 ,umol/L,0; ,BIL,Neg       ,      ,0; ,KET,Neg       ,      ,0;*,BLD,2+ Ca80   ,Ery/uL,3;*,PRO,Trace Trace  ,   ,1;*,NIT,Pos         ,    ,1;*,LEU,2+ Ca125  ,Leu/uL,3;*,GLU,1+ 5.6    ,mmol/L,1; ,SG,1.015           , ,3; ,PH,7.0             , ,3;*,VC,>=5.7      ,mmol/L,4; ,MALB,10         ,mg/L,0;  】
【  2019/5/15 15:48:14  】【  接收一包数据:
$2#  】
【  2019/5/15 15:48:23  】【  接收一包数据:
$1#  】
【  2019/5/15 15:48:26  】【  接收一包数据:
00;2019-05-15 15:51:21;1063;0002,05,ACSW00001111,; ,UBG,Nomal 3.4 ,umol/L,0; ,BIL,Neg       ,      ,0; ,KET,Neg       ,      ,0;*,BLD,1+ Ca25   ,Ery/uL,2;*,PRO,Trace Trace  ,   ,1;*,NIT,Pos         ,    ,1;*,LEU,3+ >=Ca500,Leu/uL,4;*,GLU,2+ 14     ,mmol/L,2;*,SG,1.005           , ,1; ,PH,7.5             , ,4;*,VC,1.4        ,mmol/L,2; ,MALB,10         ,mg/L,0;  】
【  2019/5/15 15:48:27  】【  接收一包数据:
$2#  】
【  2019/5/15 15:48:38  】【  接收一包数据:
$1#  】
【  2019/5/15 15:48:39  】【  接收一包数据:
00;2019-05-15 15:51:34;1064;0002,06,ACSW00001111,; ,UBG,Nomal 3.4 ,umol/L,0; ,BIL,Neg       ,      ,0;*,KET,+- 0.5    ,mmol/L,1;*,BLD,2+ Ca80   ,Ery/uL,3;*,PRO,Trace Trace  ,   ,1;*,NIT,Pos         ,    ,1;*,LEU,3+ >=Ca500,Leu/uL,4; ,GLU,Neg       ,      ,0; ,SG,1.020           , ,4; ,PH,6.5             , ,2;*,VC,>=5.7      ,mmol/L,4; ,MALB,10         ,mg/L,0;  】
【  2019/5/15 15:48:39  】【  接收一包数据:
$2#  】
【  2019/5/15 15:48:51  】【  接收一包数据:
00;2019-05-15 15:51:47;1065;0002,07,ACSW00001111,; ,UBG,Nomal 3.4 ,umol/L,0; ,BIL,Neg       ,      ,0; ,KET,Neg       ,      ,0;*,BLD,2+ Ca80   ,Ery/uL,3;*,PRO,Trace Trace  ,   ,1;*,NIT,Pos         ,    ,1;*,LEU,2+ Ca125  ,Leu/uL,3;*,GLU,1+ 5.6    ,mmol/L,1;*,SG,>=1.030         , ,6; ,PH,7.0             , ,3;*,VC,0.6        ,mmol/L,1; ,MALB,10         ,mg/L,0;  】
【  2019/5/15 15:48:52  】【  接收一包数据:
$2#  】
【  2019/5/15 15:48:53  】【  接收一包数据:
$1#  】
【  2019/5/15 15:49:04  】【  接收一包数据:
00;2019-05-15 15:51:59;1066;0002,08,ACSW00001111,; ,UBG,Nomal 3.4 ,umol/L,0; ,BIL,Neg       ,      ,0; ,KET,Neg       ,      ,0;*,BLD,2+ Ca80   ,Ery/uL,3; ,PRO,Neg          ,   ,0;*,NIT,Pos         ,    ,1;*,LEU,3+ >=Ca500,Leu/uL,4; ,GLU,Neg       ,      ,0;*,SG,>=1.030         , ,6; ,PH,7.0             , ,3;*,VC,1.4        ,mmol/L,2; ,MALB,10         ,mg/L,0;  】
【  2019/5/15 15:49:04  】【  接收一包数据:
$2#  】
【  2019/5/15 15:49:08  】【  接收一包数据:
$1#  】
【  2019/5/15 15:49:17  】【  接收一包数据:
00;2019-05-15 15:52:12;1067;0002,09,ACSW00001111,; ,UBG,Nomal 3.4 ,umol/L,0; ,BIL,Neg       ,      ,0;*,KET,3+ >=7.8  ,mmol/L,4;*,BLD,2+ Ca80   ,Ery/uL,3;*,PRO,Trace Trace  ,   ,1;*,NIT,Pos         ,    ,1;*,LEU,+- Ca15   ,Leu/uL,1; ,GLU,Neg       ,      ,0;*,SG,1.010           , ,2; ,PH,7.0             , ,3;*,VC,>=5.7      ,mmol/L,4; ,MALB,10         ,mg/L,0;  】
【  2019/5/15 15:49:17  】【  接收一包数据:
$2#  】
【  2019/5/15 15:49:23  】【  接收一包数据:
$1#  】
【  2019/5/15 15:49:29  】【  接收一包数据:
00;2019-05-15 15:52:24;1068;0002,0:,ACSW00001111,; ,UBG,Nomal 3.4 ,umol/L,0; ,BIL,Neg       ,      ,0; ,KET,Neg       ,      ,0;*,BLD,2+ Ca80   ,Ery/uL,3; ,PRO,Neg          ,   ,0; ,NIT,Neg         ,    ,0;*,LEU,3+ >=Ca500,Leu/uL,4; ,GLU,Neg       ,      ,0;*,SG,1.010           , ,2; ,PH,6.5             , ,2;*,VC,0.6        ,mmol/L,1; ,MALB,10         ,mg/L,0;  】
【  2019/5/15 15:49:30  】【  接收一包数据:
$2#  】
【  2019/5/15 15:49:38  】【  接收一包数据:
$1#  】
【  2019/5/15 15:49:53  】【  接收一包数据:
$1#  】
【  2019/5/15 15:49:54  】【  接收一包数据:
00;2019-05-15 15:52:49;1069;0003,01,,; ,UBG,Nomal 3.4 ,umol/L,0; ,BIL,Neg       ,      ,0; ,KET,Neg       ,      ,0;*,BLD,3+ >=Ca200,Ery/uL,4; ,PRO,Neg          ,   ,0;*,NIT,Pos         ,    ,1;*,LEU,2+ Ca125  ,Leu/uL,3;*,GLU,1+ 5.6    ,mmol/L,1;*,SG,1.010           , ,2; ,PH,6.0             , ,1; ,VC,0          ,mmol/L,0; ,MALB,10         ,mg/L,0;  】
【  2019/5/15 15:49:55  】【  接收一包数据:
$2#  】
【  2019/5/15 15:50:07  】【  接收一包数据:
00;2019-05-15 15:53:02;1070;0003,02,,; ,UBG,Nomal 3.4 ,umol/L,0; ,BIL,Neg       ,      ,0;*,KET,3+ >=7.8  ,mmol/L,4;*,BLD,1+ Ca25   ,Ery/uL,2;*,PRO,1+ 0.3       ,g/L,2;*,NIT,Pos         ,    ,1;*,LEU,2+ Ca125  ,Leu/uL,3;*,GLU,1+ 5.6    ,mmol/L,1;*,SG,1.005           , ,1; ,PH,7.5             , ,4;*,VC,2.8        ,mmol/L,3; ,MALB,10         ,mg/L,0;  】
【  2019/5/15 15:50:07  】【  接收一包数据:
$2#  】
【  2019/5/15 15:50:08  】【  接收一包数据:
$1#  】
【  2019/5/15 15:50:19  】【  接收一包数据:
00;2019-05-15 15:53:15;1071;0003,03,,; ,UBG,Nomal 3.4 ,umol/L,0; ,BIL,Neg       ,      ,0;*,KET,3+ >=7.8  ,mmol/L,4;*,BLD,2+ Ca80   ,Ery/uL,3; ,PRO,Neg          ,   ,0;*,NIT,Pos         ,    ,1;*,LEU,3+ >=Ca500,Leu/uL,4;*,GLU,2+ 14     ,mmol/L,2;*,SG,<=1.000         , ,0; ,PH,<=5.0           , ,0; ,VC,0          ,mmol/L,0; ,MALB,10         ,mg/L,0;  】
【  2019/5/15 15:50:20  】【  接收一包数据:
$2#  】
【  2019/5/15 15:50:23  】【  接收一包数据:
$1#  】
【  2019/5/15 15:50:32  】【  接收一包数据:
00;2019-05-15 15:53:27;1072;0003,04,,; ,UBG,Nomal 3.4 ,umol/L,0; ,BIL,Neg       ,      ,0;*,KET,3+ >=7.8  ,mmol/L,4;*,BLD,2+ Ca80   ,Ery/uL,3;*,PRO,Trace Trace  ,   ,1; ,NIT,Neg         ,    ,0;*,LEU,2+ Ca125  ,Leu/uL,3;*,GLU,1+ 5.6    ,mmol/L,1;*,SG,>=1.030         , ,6; ,PH,7.0             , ,3;*,VC,>=5.7      ,mmol/L,4; ,MALB,10         ,mg/L,0;  】
【  2019/5/15 15:50:33  】【  接收一包数据:
$2#  】
【  2019/5/15 15:50:38  】【  接收一包数据:
$1#  】
【  2019/5/15 15:50:45  】【  接收一包数据:
00;2019-05-15 15:53:40;1073;0003,05,,; ,UBG,Nomal 3.4 ,umol/L,0; ,BIL,Neg       ,      ,0;*,KET,3+ >=7.8  ,mmol/L,4;*,BLD,2+ Ca80   ,Ery/uL,3;*,PRO,Trace Trace  ,   ,1; ,NIT,Neg         ,    ,0;*,LEU,+- Ca15   ,Leu/uL,1; ,GLU,Neg       ,      ,0;*,SG,>=1.030         , ,6; ,PH,7.0             , ,3;*,VC,>=5.7      ,mmol/L,4; ,MALB,10         ,mg/L,0;  】
【  2019/5/15 15:50:45  】【  接收一包数据:
$2#  】
【  2019/5/15 15:50:53  】【  接收一包数据:
$1#  】
【  2019/5/15 15:50:57  】【  接收一包数据:
00;2019-05-15 15:53:53;1074;0003,06,,; ,UBG,Nomal 3.4 ,umol/L,0;*,BIL,1+ 17     ,umol/L,1; ,KET,Neg       ,      ,0;*,BLD,1+ Ca25   ,Ery/uL,2;*,PRO,Trace Trace  ,   ,1;*,NIT,Pos         ,    ,1;*,LEU,2+ Ca125  ,Leu/uL,3; ,GLU,Neg       ,      ,0; ,SG,1.015           , ,3; ,PH,7.0             , ,3;*,VC,>=5.7      ,mmol/L,4; ,MALB,10         ,mg/L,0;  】
【  2019/5/15 15:50:58  】【  接收一包数据:
$2#  】
【  2019/5/15 15:51:08  】【  接收一包数据:
$1#  】
【  2019/5/15 15:51:10  】【  接收一包数据:
00;2019-05-15 15:54:05;1075;0003,07,,; ,UBG,Nomal 3.4 ,umol/L,0; ,BIL,Neg       ,      ,0; ,KET,Neg       ,      ,0;*,BLD,1+ Ca25   ,Ery/uL,2;*,PRO,Trace Trace  ,   ,1;*,NIT,Pos         ,    ,1;*,LEU,1+ Ca70   ,Leu/uL,2;*,GLU,1+ 5.6    ,mmol/L,1;*,SG,>=1.030         , ,6; ,PH,7.0             , ,3;*,VC,>=5.7      ,mmol/L,4; ,MALB,10         ,mg/L,0;  】
【  2019/5/15 15:51:10  】【  接收一包数据:
$2#  】
【  2019/5/15 15:51:23  】【  接收一包数据:
$1#  】
【  2019/5/15 15:51:38  】【  接收一包数据:
$1#  】
【  2019/5/15 15:51:53  】【  接收一包数据:
$1#  】
【  2019/5/15 15:52:08  】【  接收一包数据:
$1#  】
【  2019-05-15 16:03:28  】【  Connection Thread ID 10 Count : 1  】
【  2019/5/15 16:03:36  】【  接收一包数据:
$1#  】
【  2019/5/15 16:03:39  】【  接收一包数据:
$1#  】
【  2019/5/15 16:03:54  】【  接收一包数据:
$1#  】
【  2019/5/15 16:04:09  】【  接收一包数据:
$1#  】
【  2019/5/15 16:04:24  】【  接收一包数据:
$1#  】
【  2019/5/15 16:04:39  】【  接收一包数据:
$1#  】
【  2019/5/15 16:04:54  】【  接收一包数据:
$1#  】
【  2019/5/15 16:05:09  】【  接收一包数据:
$1#  】
【  2019-05-15 16:07:09  】【  Connection Thread ID 9 Count : 1  】
【  2019/5/15 16:07:17  】【  接收一包数据:
$1#  】
【  2019/5/15 16:07:24  】【  接收一包数据:
$1#  】
【  2019-05-15 16:13:17  】【  Connection Thread ID 10 Count : 1  】
【  2019/5/15 16:13:24  】【  接收一包数据:
$1#  】
【  2019/5/15 16:13:24  】【  接收一包数据:
$1#  】
【  2019/5/15 16:13:39  】【  接收一包数据:
$1#  】
【  2019/5/15 16:13:54  】【  接收一包数据:
$1#  】
【  2019/5/15 16:14:09  】【  接收一包数据:
$1#  】
【  2019/5/15 16:14:24  】【  接收一包数据:
$1#  】
【  2019/5/15 16:14:39  】【  接收一包数据:
$1#  】
【  2019/5/15 16:14:54  】【  接收一包数据:
$1#  】
【  2019/5/15 16:15:09  】【  接收一包数据:
$1#  】
【  2019/5/15 16:15:24  】【  接收一包数据:
$1#  】
【  2019/5/15 16:15:39  】【  接收一包数据:
$1#  】
【  2019/5/15 16:15:54  】【  接收一包数据:
$1#  】
【  2019/5/15 16:16:09  】【  接收一包数据:
$1#  】
【  2019/5/15 16:16:24  】【  接收一包数据:
$1#  】
【  2019/5/15 16:16:39  】【  接收一包数据:
$1#  】
【  2019/5/15 16:16:54  】【  接收一包数据:
$1#  】
【  2019/5/15 16:17:09  】【  接收一包数据:
$1#  】
【  2019/5/15 16:17:24  】【  接收一包数据:
$1#  】
【  2019/5/15 16:17:39  】【  接收一包数据:
$1#  】
【  2019/5/15 16:17:54  】【  接收一包数据:
$1#  】
【  2019/5/15 16:18:09  】【  接收一包数据:
$1#  】
【  2019/5/15 16:18:24  】【  接收一包数据:
$1#  】
【  2019/5/15 16:18:39  】【  接收一包数据:
$1#  】
【  2019/5/15 16:18:54  】【  接收一包数据:
$1#  】
【  2019/5/15 16:19:09  】【  接收一包数据:
$1#  】
【  2019/5/15 16:19:24  】【  接收一包数据:
$1#  】
【  2019/5/15 16:19:39  】【  接收一包数据:
$1#  】
【  2019/5/15 16:19:54  】【  接收一包数据:
$1#  】
【  2019/5/15 16:20:09  】【  接收一包数据:
$1#  】
【  2019/5/15 16:20:24  】【  接收一包数据:
$1#  】
【  2019/5/15 16:20:39  】【  接收一包数据:
$1#  】
【  2019-05-15 16:20:54  】【  Connection Thread ID 10 Count : 1  】
【  2019/5/15 16:21:01  】【  接收一包数据:
$1#  】
【  2019/5/15 16:21:10  】【  接收一包数据:
$1#  】
【  2019/5/15 16:21:25  】【  接收一包数据:
$1#  】
【  2019/5/15 16:21:40  】【  接收一包数据:
$1#  】
【  2019/5/15 16:21:55  】【  接收一包数据:
$1#  】
【  2019/5/15 16:22:10  】【  接收一包数据:
$1#  】
【  2019/5/15 16:22:25  】【  接收一包数据:
$1#  】
【  2019/5/15 16:22:40  】【  接收一包数据:
$1#  】
【  2019/5/15 16:22:55  】【  接收一包数据:
$1#  】
【  2019/5/15 16:23:10  】【  接收一包数据:
$1#  】
【  2019/5/15 16:23:25  】【  接收一包数据:
$1#  】
【  2019/5/15 16:23:40  】【  接收一包数据:
$1#  】
【  2019/5/15 16:23:55  】【  接收一包数据:
$1#  】
【  2019/5/15 16:24:10  】【  接收一包数据:
$1#  】
【  2019/5/15 16:24:25  】【  接收一包数据:
$1#  】
【  2019/5/15 16:24:40  】【  接收一包数据:
$1#  】
【  2019/5/15 16:24:55  】【  接收一包数据:
$1#  】
【  2019/5/15 16:25:10  】【  接收一包数据:
$1#  】
【  2019/5/15 16:25:25  】【  接收一包数据:
$1#  】
【  2019/5/15 16:25:40  】【  接收一包数据:
$1#  】
【  2019/5/15 16:25:55  】【  接收一包数据:
$1#  】
【  2019/5/15 16:26:10  】【  接收一包数据:
$1#  】
【  2019/5/15 16:26:25  】【  接收一包数据:
$1#  】
【  2019/5/15 16:26:40  】【  接收一包数据:
$1#  】
【  2019/5/15 16:26:55  】【  接收一包数据:
$1#  】
【  2019/5/15 16:27:10  】【  接收一包数据:
$1#  】
【  2019/5/15 16:27:25  】【  接收一包数据:
$1#  】
【  2019/5/15 16:27:40  】【  接收一包数据:
$1#  】
【  2019/5/15 16:27:55  】【  接收一包数据:
$1#  】
【  2019/5/15 16:28:10  】【  接收一包数据:
$1#  】
【  2019/5/15 16:28:25  】【  接收一包数据:
$1#  】
【  2019/5/15 16:28:40  】【  接收一包数据:
$1#  】
【  2019/5/15 16:28:55  】【  接收一包数据:
$1#  】
【  2019/5/15 16:29:10  】【  接收一包数据:
$1#  】
【  2019/5/15 16:29:25  】【  接收一包数据:
$1#  】
【  2019/5/15 16:29:40  】【  接收一包数据:
$1#  】
【  2019/5/15 16:29:55  】【  接收一包数据:
$1#  】
【  2019/5/15 16:30:10  】【  接收一包数据:
$1#  】
【  2019/5/15 16:30:25  】【  接收一包数据:
$1#  】
【  2019/5/15 16:30:40  】【  接收一包数据:
$1#  】
【  2019/5/15 16:30:55  】【  接收一包数据:
$1#  】
【  2019/5/15 16:31:10  】【  接收一包数据:
$1#  】
【  2019/5/15 16:31:25  】【  接收一包数据:
$1#  】
【  2019/5/15 16:31:40  】【  接收一包数据:
$1#  】
【  2019/5/15 16:31:55  】【  接收一包数据:
$1#  】
【  2019/5/15 16:32:10  】【  接收一包数据:
$1#  】
【  2019/5/15 16:32:25  】【  接收一包数据:
$1#  】
【  2019/5/15 16:32:40  】【  接收一包数据:
$1#  】
【  2019/5/15 16:32:55  】【  接收一包数据:
$1#  】
【  2019/5/15 16:33:10  】【  接收一包数据:
$1#  】
【  2019/5/15 16:33:25  】【  接收一包数据:
$1#  】
【  2019/5/15 16:33:40  】【  接收一包数据:
$1#  】
【  2019/5/15 16:33:55  】【  接收一包数据:
$1#  】
【  2019/5/15 16:34:10  】【  接收一包数据:
$1#  】
【  2019/5/15 16:34:25  】【  接收一包数据:
$1#  】
【  2019/5/15 16:34:40  】【  接收一包数据:
$1#  】
【  2019/5/15 16:34:55  】【  接收一包数据:
$1#  】
【  2019/5/15 16:35:10  】【  接收一包数据:
$1#  】
【  2019/5/15 16:35:25  】【  接收一包数据:
$1#  】
【  2019-05-15 16:35:41  】【  Connection Thread ID 10 Count : 1  】
【  2019/5/15 16:35:49  】【  接收一包数据:
$1#  】
【  2019/5/15 16:35:55  】【  接收一包数据:
$1#  】
【  2019/5/15 16:36:10  】【  接收一包数据:
$1#  】
【  2019/5/15 16:36:25  】【  接收一包数据:
$1#  】
【  2019/5/15 16:36:40  】【  接收一包数据:
$1#  】
【  2019/5/15 16:36:55  】【  接收一包数据:
$1#  】
【  2019/5/15 16:37:10  】【  接收一包数据:
$1#  】
【  2019/5/15 16:37:25  】【  接收一包数据:
$1#  】
【  2019-05-15 17:03:54  】【  Connection Thread ID 10 Count : 1  】
【  2019-05-15 17:04:01  】【  端口“COM5”不存在。SerialPort.Open Error  】
