
【日志创建时间***********】【日志内容*****************************************************】

【  2019-08-29 上午 08:39:28  】【  Connection Thread ID 10 Count : 1  】
【  2019-08-29 上午 08:39:55  】【  端口“COM5”不存在。SerialPort.Open Error  】
【  2019-08-29 08:41:21  】【  Connection Thread ID 9 Count : 1  】
【  2019-08-29 08:41:30  】【  端口“COM5”不存在。SerialPort.Open Error  】
【  2019-08-29 上午 08:52:59  】【  Connection Thread ID 10 Count : 1  】
【  2019-08-29 上午 08:53:08  】【  端口“COM5”不存在。SerialPort.Open Error  】
【  2019-08-29 上午 08:57:42  】【  Connection Thread ID 8 Count : 1  】
【  2019-08-29 上午 08:57:50  】【  端口“COM5”不存在。SerialPort.Open Error  】
【  2019-08-29 上午 09:01:23  】【  Connection Thread ID 8 Count : 1  】
【  2019-08-29 上午 09:01:31  】【  端口“COM5”不存在。SerialPort.Open Error  】
【  2019-08-29 上午 09:04:50  】【  Connection Thread ID 8 Count : 1  】
【  2019-08-29 上午 09:04:58  】【  端口“COM5”不存在。SerialPort.Open Error  】
【  2019-08-29 上午 09:07:25  】【  Connection Thread ID 10 Count : 1  】
【  2019-08-29 上午 09:07:35  】【  端口“COM5”不存在。SerialPort.Open Error  】
【  2019-08-29 上午 09:08:40  】【  Connection Thread ID 9 Count : 1  】
【  2019-08-29 上午 09:08:47  】【  端口“COM5”不存在。SerialPort.Open Error  】
【  2019-08-29 09:24:23  】【  Connection Thread ID 9 Count : 1  】
【  2019-08-29 09:24:32  】【  端口“COM5”不存在。SerialPort.Open Error  】
【  2019-08-29 上午 09:28:10  】【  Connection Thread ID 10 Count : 1  】
【  2019-08-29 上午 09:28:37  】【  端口“COM5”不存在。SerialPort.Open Error  】
【  2019-08-29 09:41:15  】【  Connection Thread ID 9 Count : 1  】
【  2019-08-29 09:41:25  】【  端口“COM5”不存在。SerialPort.Open Error  】
【  2019-08-29 10:05:57  】【  Connection Thread ID 10 Count : 1  】
【  2019-08-29 10:06:06  】【  端口“COM5”不存在。SerialPort.Open Error  】
【  2019-08-29 13:13:58  】【  Connection Thread ID 9 Count : 1  】
【  2019-08-29 13:14:08  】【  端口“COM5”不存在。SerialPort.Open Error  】
【  2019-08-29 14:51:05  】【  Connection Thread ID 9 Count : 1  】
【  2019-08-29 14:51:14  】【  端口“COM5”不存在。SerialPort.Open Error  】
【  2019-08-29 16:09:55  】【  Connection Thread ID 10 Count : 1  】
【  2019-08-29 16:10:05  】【  端口“COM5”不存在。SerialPort.Open Error  】
【  2019-08-29 16:13:19  】【  Connection Thread ID 8 Count : 1  】
【  2019-08-29 16:13:27  】【  端口“COM5”不存在。SerialPort.Open Error  】
【  2019-08-29 16:20:13  】【  Connection Thread ID 9 Count : 1  】
【  2019-08-29 16:20:21  】【  端口“COM5”不存在。SerialPort.Open Error  】
【  2019-08-29 16:51:40  】【  Connection Thread ID 10 Count : 1  】
【  2019-08-29 16:51:57  】【  端口“COM5”不存在。SerialPort.Open Error  】
