
【日志创建时间***********】【日志内容*****************************************************】

【  2023-03-22 13:59:55  】【  Connection Thread ID 1 Count : 1  】
【  2023-03-22 14:03:27  】【  Connection Thread ID 1 Count : 1  】
【  2023-03-22 14:10:37  】【  Connection Thread ID 1 Count : 1  】
【  2023-03-22 14:14:19  】【  Connection Thread ID 1 Count : 1  】
【  2023-03-22 14:18:29  】【  Connection Thread ID 1 Count : 1  】
【  2023-03-22 14:34:31  】【  Connection Thread ID 1 Count : 1  】
【  2023-03-22 14:37:24  】【  Connection Thread ID 1 Count : 1  】
【  2023-03-22 14:39:48  】【  Connection Thread ID 1 Count : 1  】
【  2023-03-22 14:54:11  】【  Connection Thread ID 1 Count : 1  】
【  2023-03-22 14:55:42  】【  Connection Thread ID 1 Count : 1  】
【  2023/03/22 14:56:07  】【  接收一包数据:
,23,3,00,2023-03-22 14:31:24,1001,0001,01,,, ;UBG;Normal 0.2 ;mg/dL;0|*;BIL;1+ 1       ;mg/dL;1| ;KET;Neg        ;     ;0| ;CRE;10         ;mg/dL;0| ;BLD;Neg       ;      ;0| ;PRO;Neg        ;     ;0| ;MALB;10         ;mg/L;1| ;NIT;Neg         ;    ;0| ;LEU;Neg       ;      ;0| ;GLU;Neg        ;     ;0| ;SG;>=1.030         ; ;6| ;PH;>=8.5           ; ;6|*;VC;100         ;mg/dL;4| ;CA;4.0         ;mg/dL;0| ;A:C;<30         ;mg/g;0| ;Rt;Normal         ; ; 0  】
【  2023/03/22 14:56:07  】【  接收一包数据:
,24,3,00,2023-03-22 14:31:24,1001,0001,01,,,00;00|01;01|02;00|03;00|04;00|05;00|06;01|07;00|08;00|09;00|10;06|11;06|12;04|13;00|14;00|15;00  】
【  2023/03/22 14:56:54  】【  输入字符串的格式不正确。  ,23,3,00,2023-03-22 14:31:24,1001,0001,01,,, 数据解析测试类型出错  】
【  2023/03/22 14:56:54  】【  该字符串未被识别为有效的 DateTime。有一个未知单词(从索引 0 处开始)。数据解析日期出错  】
【  2023/03/22 14:56:54  】【  输入字符串的格式不正确。  Normal 0.2 数据解析编号出错  】
【  2023/03/22 14:57:00  】【  接收一包数据:
,23,3,00,2023-03-22 14:31:24,1001,0001,01,,, ;UBG;Normal 0.2 ;mg/dL;0|*;BIL;1+ 1       ;mg/dL;1| ;KET;Neg        ;     ;0| ;CRE;10         ;mg/dL;0| ;BLD;Neg       ;      ;0| ;PRO;Neg        ;     ;0| ;MALB;10         ;mg/L;1| ;NIT;Neg         ;    ;0| ;LEU;Neg       ;      ;0| ;GLU;Neg        ;     ;0| ;SG;>=1.030         ; ;6| ;PH;>=8.5           ; ;6|*;VC;100         ;mg/dL;4| ;CA;4.0         ;mg/dL;0| ;A:C;<30         ;mg/g;0| ;Rt;Normal         ; ; 0  】
【  2023/03/22 14:57:00  】【  接收一包数据:
,24,3,00,2023-03-22 14:31:24,1001,0001,01,,,00;00|01;01|02;00|03;00|04;00|05;00|06;01|07;00|08;00|09;00|10;06|11;06|12;04|13;00|14;00|15;00  】
【  2023/03/22 14:57:01  】【  接收一包数据:
,23,3,00,2023-03-22 14:31:24,1001,0001,01,,, ;UBG;Normal 0.2 ;mg/dL;0|*;BIL;1+ 1       ;mg/dL;1| ;KET;Neg        ;     ;0| ;CRE;10         ;mg/dL;0| ;BLD;Neg       ;      ;0| ;PRO;Neg        ;     ;0| ;MALB;10         ;mg/L;1| ;NIT;Neg         ;    ;0| ;LEU;Neg       ;      ;0| ;GLU;Neg        ;     ;0| ;SG;>=1.030         ; ;6| ;PH;>=8.5           ; ;6|*;VC;100         ;mg/dL;4| ;CA;4.0         ;mg/dL;0| ;A:C;<30         ;mg/g;0| ;Rt;Normal         ; ; 0  】
【  2023/03/22 14:57:01  】【  接收一包数据:
,24,3,00,2023-03-22 14:31:24,1001,0001,01,,,00;00|01;01|02;00|03;00|04;00|05;00|06;01|07;00|08;00|09;00|10;06|11;06|12;04|13;00|14;00|15;00  】
【  2023/03/22 14:57:01  】【  接收一包数据:
,23,3,00,2023-03-22 14:31:24,1001,0001,01,,, ;UBG;Normal 0.2 ;mg/dL;0|*;BIL;1+ 1       ;mg/dL;1| ;KET;Neg        ;     ;0| ;CRE;10         ;mg/dL;0| ;BLD;Neg       ;      ;0| ;PRO;Neg        ;     ;0| ;MALB;10         ;mg/L;1| ;NIT;Neg         ;    ;0| ;LEU;Neg       ;      ;0| ;GLU;Neg        ;     ;0| ;SG;>=1.030         ; ;6| ;PH;>=8.5           ; ;6|*;VC;100         ;mg/dL;4| ;CA;4.0         ;mg/dL;0| ;A:C;<30         ;mg/g;0| ;Rt;Normal         ; ; 0  】
【  2023/03/22 14:57:01  】【  接收一包数据:
,24,3,00,2023-03-22 14:31:24,1001,0001,01,,,00;00|01;01|02;00|03;00|04;00|05;00|06;01|07;00|08;00|09;00|10;06|11;06|12;04|13;00|14;00|15;00  】
【  2023/03/22 14:57:02  】【  接收一包数据:
,23,3,00,2023-03-22 14:31:24,1001,0001,01,,, ;UBG;Normal 0.2 ;mg/dL;0|*;BIL;1+ 1       ;mg/dL;1| ;KET;Neg        ;     ;0| ;CRE;10         ;mg/dL;0| ;BLD;Neg       ;      ;0| ;PRO;Neg        ;     ;0| ;MALB;10         ;mg/L;1| ;NIT;Neg         ;    ;0| ;LEU;Neg       ;      ;0| ;GLU;Neg        ;     ;0| ;SG;>=1.030         ; ;6| ;PH;>=8.5           ; ;6|*;VC;100         ;mg/dL;4| ;CA;4.0         ;mg/dL;0| ;A:C;<30         ;mg/g;0| ;Rt;Normal         ; ; 0  】
【  2023/03/22 14:57:02  】【  接收一包数据:
,24,3,00,2023-03-22 14:31:24,1001,0001,01,,,00;00|01;01|02;00|03;00|04;00|05;00|06;01|07;00|08;00|09;00|10;06|11;06|12;04|13;00|14;00|15;00  】
【  2023/03/22 14:57:02  】【  接收一包数据:
,23,3,00,2023-03-22 14:31:24,1001,0001,01,,, ;UBG;Normal 0.2 ;mg/dL;0|*;BIL;1+ 1       ;mg/dL;1| ;KET;Neg        ;     ;0| ;CRE;10         ;mg/dL;0| ;BLD;Neg       ;      ;0| ;PRO;Neg        ;     ;0| ;MALB;10         ;mg/L;1| ;NIT;Neg         ;    ;0| ;LEU;Neg       ;      ;0| ;GLU;Neg        ;     ;0| ;SG;>=1.030         ; ;6| ;PH;>=8.5           ; ;6|*;VC;100         ;mg/dL;4| ;CA;4.0         ;mg/dL;0| ;A:C;<30         ;mg/g;0| ;Rt;Normal         ; ; 0  】
【  2023/03/22 14:57:02  】【  接收一包数据:
,24,3,00,2023-03-22 14:31:24,1001,0001,01,,,00;00|01;01|02;00|03;00|04;00|05;00|06;01|07;00|08;00|09;00|10;06|11;06|12;04|13;00|14;00|15;00  】
【  2023/03/22 14:57:02  】【  接收一包数据:
,23,3,00,2023-03-22 14:31:24,1001,0001,01,,, ;UBG;Normal 0.2 ;mg/dL;0|*;BIL;1+ 1       ;mg/dL;1| ;KET;Neg        ;     ;0| ;CRE;10         ;mg/dL;0| ;BLD;Neg       ;      ;0| ;PRO;Neg        ;     ;0| ;MALB;10         ;mg/L;1| ;NIT;Neg         ;    ;0| ;LEU;Neg       ;      ;0| ;GLU;Neg        ;     ;0| ;SG;>=1.030         ; ;6| ;PH;>=8.5           ; ;6|*;VC;100         ;mg/dL;4| ;CA;4.0         ;mg/dL;0| ;A:C;<30         ;mg/g;0| ;Rt;Normal         ; ; 0  】
【  2023/03/22 14:57:02  】【  接收一包数据:
,24,3,00,2023-03-22 14:31:24,1001,0001,01,,,00;00|01;01|02;00|03;00|04;00|05;00|06;01|07;00|08;00|09;00|10;06|11;06|12;04|13;00|14;00|15;00  】
【  2023/03/22 14:58:17  】【  接收一包数据:
,23,3,00,2023-03-22 14:31:24,1001,0001,01,,, ;UBG;Normal 0.2 ;mg/dL;0|*;BIL;1+ 1       ;mg/dL;1| ;KET;Neg        ;     ;0| ;CRE;10         ;mg/dL;0| ;BLD;Neg       ;      ;0| ;PRO;Neg        ;     ;0| ;MALB;10         ;mg/L;1| ;NIT;Neg         ;    ;0| ;LEU;Neg       ;      ;0| ;GLU;Neg        ;     ;0| ;SG;>=1.030         ; ;6| ;PH;>=8.5           ; ;6|*;VC;100         ;mg/dL;4| ;CA;4.0         ;mg/dL;0| ;A:C;<30         ;mg/g;0| ;Rt;Normal         ; ; 0  】
【  2023/03/22 14:58:21  】【  接收一包数据:
,24,3,00,2023-03-22 14:31:24,1001,0001,01,,,00;00|01;01|02;00|03;00|04;00|05;00|06;01|07;00|08;00|09;00|10;06|11;06|12;04|13;00|14;00|15;00  】
【  2023-03-22 14:59:23  】【  Connection Thread ID 1 Count : 1  】
【  2023/03/22 14:59:44  】【  接收一包数据:
,23,3,00,2023-03-22 14:31:24,1001,0001,01,,, ;UBG;Normal 0.2 ;mg/dL;0|*;BIL;1+ 1       ;mg/dL;1| ;KET;Neg        ;     ;0| ;CRE;10         ;mg/dL;0| ;BLD;Neg       ;      ;0| ;PRO;Neg        ;     ;0| ;MALB;10         ;mg/L;1| ;NIT;Neg         ;    ;0| ;LEU;Neg       ;      ;0| ;GLU;Neg        ;     ;0| ;SG;>=1.030         ; ;6| ;PH;>=8.5           ; ;6|*;VC;100         ;mg/dL;4| ;CA;4.0         ;mg/dL;0| ;A:C;<30         ;mg/g;0| ;Rt;Normal         ; ; 0  】
【  2023/03/22 14:59:45  】【  接收一包数据:
,24,3,00,2023-03-22 14:31:24,1001,0001,01,,,00;00|01;01|02;00|03;00|04;00|05;00|06;01|07;00|08;00|09;00|10;06|11;06|12;04|13;00|14;00|15;00  】
【  2023/03/22 14:59:48  】【  输入字符串的格式不正确。  ,23,3,00,2023-03-22 14:31:24,1001,0001,01,,, 数据解析测试类型出错  】
【  2023/03/22 14:59:48  】【  该字符串未被识别为有效的 DateTime。有一个未知单词(从索引 0 处开始)。数据解析日期出错  】
【  2023/03/22 14:59:48  】【  输入字符串的格式不正确。  Normal 0.2 数据解析编号出错  】
【  2023-03-22 15:00:57  】【  Connection Thread ID 1 Count : 1  】
【  2023/03/22 15:01:54  】【  接收一包数据:
,23,3,00,2023-03-22 14:31:24,1001,0001,01,,, ;UBG;Normal 0.2 ;mg/dL;0|*;BIL;1+ 1       ;mg/dL;1| ;KET;Neg        ;     ;0| ;CRE;10         ;mg/dL;0| ;BLD;Neg       ;      ;0| ;PRO;Neg        ;     ;0| ;MALB;10         ;mg/L;1| ;NIT;Neg         ;    ;0| ;LEU;Neg       ;      ;0| ;GLU;Neg        ;     ;0| ;SG;>=1.030         ; ;6| ;PH;>=8.5           ; ;6|*;VC;100         ;mg/dL;4| ;CA;4.0         ;mg/dL;0| ;A:C;<30         ;mg/g;0| ;Rt;Normal         ; ; 0  】
【  2023/03/22 15:01:55  】【  接收一包数据:
,24,3,00,2023-03-22 14:31:24,1001,0001,01,,,00;00|01;01|02;00|03;00|04;00|05;00|06;01|07;00|08;00|09;00|10;06|11;06|12;04|13;00|14;00|15;00  】
【  2023/03/22 15:01:56  】【  输入字符串的格式不正确。  ,23,3,00,2023-03-22 14:31:24,1001,0001,01,,, 数据解析测试类型出错  】
【  2023/03/22 15:01:56  】【  该字符串未被识别为有效的 DateTime。有一个未知单词(从索引 0 处开始)。数据解析日期出错  】
【  2023/03/22 15:01:56  】【  输入字符串的格式不正确。  Normal 0.2 数据解析编号出错  】
【  2023/03/22 15:01:58  】【  输入字符串的格式不正确。  ,24,3,00,2023-03-22 14:31:24,1001,0001,01,,,00数据解析测试类型出错  】
【  2023/03/22 15:01:58  】【  该字符串未被识别为有效的 DateTime。数据解析日期出错  】
【  2023/03/22 15:01:58  】【  输入字符串的格式不正确。  01|02数据解析编号出错  】
【  2023/03/22 15:02:05  】【  接收一包数据:
,23,3,00,2023-03-22 14:31:24,1001,0001,01,,, ;UBG;Normal 0.2 ;mg/dL;0|*;BIL;1+ 1       ;mg/dL;1| ;KET;Neg        ;     ;0| ;CRE;10         ;mg/dL;0| ;BLD;Neg       ;      ;0| ;PRO;Neg        ;     ;0| ;MALB;10         ;mg/L;1| ;NIT;Neg         ;    ;0| ;LEU;Neg       ;      ;0| ;GLU;Neg        ;     ;0| ;SG;>=1.030         ; ;6| ;PH;>=8.5           ; ;6|*;VC;100         ;mg/dL;4| ;CA;4.0         ;mg/dL;0| ;A:C;<30         ;mg/g;0| ;Rt;Normal         ; ; 0  】
【  2023-03-22 15:25:36  】【  Connection Thread ID 1 Count : 1  】
【  2023/03/22 15:25:58  】【  接收一包数据:
,23,3,00,2023-03-22 14:31:24,1001,0001,01,,, ;UBG;Normal 0.2 ;mg/dL;0|*;BIL;1+ 1       ;mg/dL;1| ;KET;Neg        ;     ;0| ;CRE;10         ;mg/dL;0| ;BLD;Neg       ;      ;0| ;PRO;Neg        ;     ;0| ;MALB;10         ;mg/L;1| ;NIT;Neg         ;    ;0| ;LEU;Neg       ;      ;0| ;GLU;Neg        ;     ;0| ;SG;>=1.030         ; ;6| ;PH;>=8.5           ; ;6|*;VC;100         ;mg/dL;4| ;CA;4.0         ;mg/dL;0| ;A:C;<30         ;mg/g;0| ;Rt;Normal         ; ; 0  】
【  2023/03/22 15:25:58  】【  接收一包数据:
,24,3,00,2023-03-22 14:31:24,1001,0001,01,,,00;00|01;01|02;00|03;00|04;00|05;00|06;01|07;00|08;00|09;00|10;06|11;06|12;04|13;00|14;00|15;00  】
【  2023-03-22 15:36:56  】【  Connection Thread ID 1 Count : 1  】
【  2023/03/22 15:37:12  】【  接收一包数据:
,23,3,00,2023-03-22 14:31:24,1001,0001,01,,, ;UBG;Normal 0.2 ;mg/dL;0|*;BIL;1+ 1       ;mg/dL;1| ;KET;Neg        ;     ;0| ;CRE;10         ;mg/dL;0| ;BLD;Neg       ;      ;0| ;PRO;Neg        ;     ;0| ;MALB;10         ;mg/L;1| ;NIT;Neg         ;    ;0| ;LEU;Neg       ;      ;0| ;GLU;Neg        ;     ;0| ;SG;>=1.030         ; ;6| ;PH;>=8.5           ; ;6|*;VC;100         ;mg/dL;4| ;CA;4.0         ;mg/dL;0| ;A:C;<30         ;mg/g;0| ;Rt;Normal         ; ; 0  】
【  2023/03/22 15:37:12  】【  接收一包数据:
,24,3,00,2023-03-22 14:31:24,1001,0001,01,,,00;00|01;01|02;00|03;00|04;00|05;00|06;01|07;00|08;00|09;00|10;06|11;06|12;04|13;00|14;00|15;00  】
【  2023-03-22 15:40:26  】【  Connection Thread ID 1 Count : 1  】
【  2023/03/22 15:40:54  】【  接收一包数据:
,23,3,00,2023-03-22 14:31:24,1001,0001,01,,, ;UBG;Normal 0.2 ;mg/dL;0|*;BIL;1+ 1       ;mg/dL;1| ;KET;Neg        ;     ;0| ;CRE;10         ;mg/dL;0| ;BLD;Neg       ;      ;0| ;PRO;Neg        ;     ;0| ;MALB;10         ;mg/L;1| ;NIT;Neg         ;    ;0| ;LEU;Neg       ;      ;0| ;GLU;Neg        ;     ;0| ;SG;>=1.030         ; ;6| ;PH;>=8.5           ; ;6|*;VC;100         ;mg/dL;4| ;CA;4.0         ;mg/dL;0| ;A:C;<30         ;mg/g;0| ;Rt;Normal         ; ; 0  】
【  2023/03/22 15:40:54  】【  接收一包数据:
,24,3,00,2023-03-22 14:31:24,1001,0001,01,,,00;00|01;01|02;00|03;00|04;00|05;00|06;01|07;00|08;00|09;00|10;06|11;06|12;04|13;00|14;00|15;00  】
【  2023-03-22 16:39:59  】【  Connection Thread ID 1 Count : 1  】
【  2023/03/22 16:40:20  】【  接收一包数据:
,23,3,00,2023-03-22 14:31:24,1001,0001,01,,, ;UBG;Normal 0.2 ;mg/dL;0|*;BIL;1+ 1       ;mg/dL;1| ;KET;Neg        ;     ;0| ;CRE;10         ;mg/dL;0| ;BLD;Neg       ;      ;0| ;PRO;Neg        ;     ;0| ;MALB;10         ;mg/L;1| ;NIT;Neg         ;    ;0| ;LEU;Neg       ;      ;0| ;GLU;Neg        ;     ;0| ;SG;>=1.030         ; ;6| ;PH;>=8.5           ; ;6|*;VC;100         ;mg/dL;4| ;CA;4.0         ;mg/dL;0| ;A:C;<30         ;mg/g;0| ;Rt;Normal         ; ; 0  】
【  2023/03/22 16:40:20  】【  接收一包数据:
,24,3,00,2023-03-22 14:31:24,1001,0001,01,,,00;00|01;01|02;00|03;00|04;00|05;00|06;01|07;00|08;00|09;00|10;06|11;06|12;04|13;00|14;00|15;00  】
【  2023-03-22 16:45:30  】【  Connection Thread ID 1 Count : 1  】
【  2023/03/22 16:45:47  】【  接收一包数据:
,23,3,00,2023-03-22 14:31:24,1001,0001,01,,, ;UBG;Normal 0.2 ;mg/dL;0|*;BIL;1+ 1       ;mg/dL;1| ;KET;Neg        ;     ;0| ;CRE;10         ;mg/dL;0| ;BLD;Neg       ;      ;0| ;PRO;Neg        ;     ;0| ;MALB;10         ;mg/L;1| ;NIT;Neg         ;    ;0| ;LEU;Neg       ;      ;0| ;GLU;Neg        ;     ;0| ;SG;>=1.030         ; ;6| ;PH;>=8.5           ; ;6|*;VC;100         ;mg/dL;4| ;CA;4.0         ;mg/dL;0| ;A:C;<30         ;mg/g;0| ;Rt;Normal         ; ; 0  】
【  2023/03/22 16:45:47  】【  接收一包数据:
,24,3,00,2023-03-22 14:31:24,1001,0001,01,,,00;00|01;01|02;00|03;00|04;00|05;00|06;01|07;00|08;00|09;00|10;06|11;06|12;04|13;00|14;00|15;00  】
【  2023/03/22 16:47:18  】【  Connection Thread ID 17 Count : 2  】
【  2023-03-22 16:50:07  】【  Connection Thread ID 1 Count : 1  】
【  2023/03/22 16:50:24  】【  接收一包数据:
,23,3,00,2023-03-22 14:31:24,1001,0001,01,,, ;UBG;Normal 0.2 ;mg/dL;0|*;BIL;1+ 1       ;mg/dL;1| ;KET;Neg        ;     ;0| ;CRE;10         ;mg/dL;0| ;BLD;Neg       ;      ;0| ;PRO;Neg        ;     ;0| ;MALB;10         ;mg/L;1| ;NIT;Neg         ;    ;0| ;LEU;Neg       ;      ;0| ;GLU;Neg        ;     ;0| ;SG;>=1.030         ; ;6| ;PH;>=8.5           ; ;6|*;VC;100         ;mg/dL;4| ;CA;4.0         ;mg/dL;0| ;A:C;<30         ;mg/g;0| ;Rt;Normal         ; ; 0  】
【  2023/03/22 16:50:24  】【  接收一包数据:
,24,3,00,2023-03-22 14:31:24,1001,0001,01,,,00;00|01;01|02;00|03;00|04;00|05;00|06;01|07;00|08;00|09;00|10;06|11;06|12;04|13;00|14;00|15;00  】
【  2023/03/22 16:50:34  】【  Connection Thread ID 18 Count : 2  】
【  2023-03-22 16:53:22  】【  Connection Thread ID 1 Count : 1  】
【  2023/03/22 16:54:02  】【  接收一包数据:
,23,3,10,2023-03-22 15:18:33,5001,0002,01,,, ;UBG;Normal 0.2 ;mg/dL;0|*;BIL;1+ 1       ;mg/dL;1| ;KET;Neg        ;     ;0| ;CRE;10         ;mg/dL;0| ;BLD;Neg       ;      ;0| ;PRO;Neg        ;     ;0| ;MALB;10         ;mg/L;1| ;NIT;Neg         ;    ;0| ;LEU;Neg       ;      ;0|*;GLU;2+ 250     ;mg/dL;3| ;SG;>=1.030         ; ;6| ;PH;>=8.5           ; ;6|*;VC;100         ;mg/dL;4| ;CA;4.0         ;mg/dL;0| ;A:C;<30         ;mg/g;0| ;Rt;Normal         ; ; 0  】
【  2023/03/22 16:54:02  】【  Connection Thread ID 17 Count : 2  】
【  2023-03-22 19:41:10  】【  Connection Thread ID 1 Count : 1  】
【  2023-03-22 19:41:48  】【  Connection Thread ID 1 Count : 1  】
【  2023-03-22 19:44:35  】【  Connection Thread ID 1 Count : 1  】
【  2023-03-22 19:46:58  】【  Connection Thread ID 1 Count : 1  】
